Group 16 
Time and data: Thu Mar  8 21:47:03 2018

Avatar 1 moved from (2, 0) to (3, 0) 
Avatar 2 moved from (3, 3) to (4, 3) 
Avatar 0 moved from (11, 5) to (11, 4) 
Avatar 2 moved from (4, 3) to (4, 4) 
Avatar 1 moved from (3, 0) to (4, 0) 
Avatar 0 moved from (11, 4) to (11, 3) 
Avatar 1 moved from (4, 0) to (4, 1) 
Avatar 2 moved from (4, 4) to (5, 4) 
Avatar 0 moved from (11, 3) to (11, 2) 
Avatar 1 moved from (4, 1) to (5, 1) 
Avatar 0 moved from (11, 2) to (11, 1) 
Avatar 2 moved from (5, 4) to (5, 3) 
Avatar 2 moved from (5, 3) to (6, 3) 
Avatar 0 moved from (11, 1) to (11, 0) 
Avatar 1 moved from (5, 1) to (5, 0) 
Avatar 2 moved from (6, 3) to (6, 4) 
Avatar 2 moved from (6, 4) to (6, 5) 
Avatar 0 moved from (11, 0) to (11, 1) 
Avatar 1 moved from (5, 0) to (5, 1) 
Avatar 0 moved from (11, 1) to (10, 1) 
Avatar 1 moved from (5, 1) to (4, 1) 
Avatar 0 moved from (10, 1) to (10, 0) 
Avatar 1 moved from (4, 1) to (4, 0) 
Avatar 0 moved from (10, 0) to (9, 0) 
Avatar 1 moved from (4, 0) to (3, 0) 
Avatar 0 moved from (9, 0) to (8, 0) 
Avatar 1 moved from (3, 0) to (2, 0) 
Avatar 0 moved from (8, 0) to (7, 0) 
Avatar 1 moved from (2, 0) to (1, 0) 
Avatar 0 moved from (7, 0) to (6, 0) 
Avatar 1 moved from (1, 0) to (0, 0) 
Avatar 0 moved from (6, 0) to (6, 1) 
Avatar 1 moved from (0, 0) to (1, 0) 
Avatar 0 moved from (6, 1) to (6, 2) 
Avatar 1 moved from (1, 0) to (1, 1) 
Avatar 0 moved from (6, 2) to (5, 2) 
Avatar 1 moved from (1, 1) to (0, 1) 
Avatar 0 moved from (5, 2) to (4, 2) 
Avatar 1 moved from (0, 1) to (0, 2) 
Avatar 0 moved from (4, 2) to (3, 2) 
Avatar 0 moved from (3, 2) to (3, 1) 
Avatar 1 moved from (0, 2) to (0, 3) 
Avatar 1 moved from (0, 3) to (0, 4) 
Avatar 0 moved from (3, 1) to (2, 1) 
Avatar 1 moved from (0, 4) to (1, 4) 
Avatar 0 moved from (2, 1) to (2, 2) 
Avatar 0 moved from (2, 2) to (1, 2) 
Avatar 1 moved from (1, 4) to (1, 3) 
Avatar 0 moved from (1, 2) to (0, 2) 
Avatar 1 moved from (1, 3) to (2, 3) 
Avatar 0 moved from (0, 2) to (0, 1) 
Avatar 1 moved from (2, 3) to (2, 4) 
Avatar 0 moved from (0, 1) to (1, 1) 
Avatar 1 moved from (2, 4) to (3, 4) 
Avatar 0 moved from (1, 1) to (1, 0) 
Avatar 0 moved from (1, 0) to (2, 0) 
Avatar 1 moved from (3, 4) to (3, 3) 
Avatar 0 moved from (2, 0) to (3, 0) 
Avatar 1 moved from (3, 3) to (4, 3) 
Avatar 1 moved from (4, 3) to (4, 4) 
Avatar 0 moved from (3, 0) to (4, 0) 
Avatar 0 moved from (4, 0) to (4, 1) 
Avatar 1 moved from (4, 4) to (5, 4) 
Avatar 0 moved from (4, 1) to (5, 1) 
Avatar 1 moved from (5, 4) to (5, 3) 
Avatar 1 moved from (5, 3) to (6, 3) 
Avatar 0 moved from (5, 1) to (5, 0) 
Avatar 1 moved from (6, 3) to (6, 4) 
Avatar 1 moved from (6, 4) to (6, 5) 
Avatar 0 moved from (5, 0) to (5, 1) 
Avatar 0 moved from (5, 1) to (4, 1) 
Avatar 0 moved from (4, 1) to (4, 0) 
Avatar 0 moved from (4, 0) to (3, 0) 
Avatar 0 moved from (3, 0) to (2, 0) 
Avatar 0 moved from (2, 0) to (1, 0) 
Avatar 0 moved from (1, 0) to (0, 0) 
Avatar 0 moved from (0, 0) to (1, 0) 
Avatar 0 moved from (1, 0) to (1, 1) 
Avatar 0 moved from (1, 1) to (0, 1) 
Avatar 0 moved from (0, 1) to (0, 2) 
Avatar 0 moved from (0, 2) to (0, 3) 
Avatar 0 moved from (0, 3) to (0, 4) 
Avatar 0 moved from (0, 4) to (1, 4) 
Avatar 0 moved from (1, 4) to (1, 3) 
Avatar 0 moved from (1, 3) to (2, 3) 
Avatar 0 moved from (2, 3) to (2, 4) 
Avatar 0 moved from (2, 4) to (3, 4) 
Avatar 0 moved from (3, 4) to (3, 3) 
Avatar 0 moved from (3, 3) to (4, 3) 
Avatar 0 moved from (4, 3) to (4, 4) 
Avatar 0 moved from (4, 4) to (5, 4) 
Avatar 0 moved from (5, 4) to (5, 3) 
Avatar 0 moved from (5, 3) to (6, 3) 
Avatar 0 moved from (6, 3) to (6, 4) 
Maze Solved!!! 
Maze Solved!!! 
Maze Solved!!! 
