Group 16 
Time and data: Thu Mar  8 21:47:08 2018

Avatar 2 moved from (1, 7) to (2, 7) 
Avatar 0 moved from (2, 10) to (2, 9) 
Avatar 1 moved from (5, 8) to (5, 7) 
Avatar 2 moved from (2, 7) to (3, 7) 
Avatar 0 moved from (2, 9) to (2, 8) 
Avatar 1 moved from (5, 7) to (5, 6) 
Avatar 2 moved from (3, 7) to (3, 8) 
Avatar 0 moved from (2, 8) to (3, 8) 
Avatar 1 moved from (5, 6) to (6, 6) 
Avatar 2 moved from (3, 8) to (2, 8) 
Avatar 1 moved from (6, 6) to (6, 7) 
Avatar 2 moved from (2, 8) to (1, 8) 
Avatar 0 moved from (3, 8) to (3, 7) 
Avatar 1 moved from (6, 7) to (6, 8) 
Avatar 2 moved from (1, 8) to (0, 8) 
Avatar 0 moved from (3, 7) to (2, 7) 
Avatar 1 moved from (6, 8) to (6, 7) 
Avatar 2 moved from (0, 8) to (0, 9) 
Avatar 0 moved from (2, 7) to (1, 7) 
Avatar 1 moved from (6, 7) to (7, 7) 
Avatar 0 moved from (1, 7) to (1, 6) 
Avatar 2 moved from (0, 9) to (0, 10) 
Avatar 0 moved from (1, 6) to (0, 6) 
Avatar 1 moved from (7, 7) to (6, 7) 
Avatar 2 moved from (0, 10) to (1, 10) 
Avatar 0 moved from (0, 6) to (0, 5) 
Avatar 1 moved from (6, 7) to (6, 6) 
Avatar 2 moved from (1, 10) to (1, 11) 
Avatar 0 moved from (0, 5) to (1, 5) 
Avatar 2 moved from (1, 11) to (0, 11) 
Avatar 1 moved from (6, 6) to (6, 5) 
Avatar 0 moved from (1, 5) to (2, 5) 
Avatar 1 moved from (6, 5) to (6, 4) 
Avatar 2 moved from (0, 11) to (0, 12) 
Avatar 1 moved from (6, 4) to (7, 4) 
Avatar 0 moved from (2, 5) to (2, 4) 
Avatar 2 moved from (0, 12) to (0, 13) 
Avatar 1 moved from (7, 4) to (8, 4) 
Avatar 0 moved from (2, 4) to (1, 4) 
Avatar 1 moved from (8, 4) to (9, 4) 
Avatar 2 moved from (0, 13) to (0, 12) 
Avatar 0 moved from (1, 4) to (0, 4) 
Avatar 2 moved from (0, 12) to (1, 12) 
Avatar 0 moved from (0, 4) to (0, 3) 
Avatar 2 moved from (1, 12) to (1, 13) 
Avatar 0 moved from (0, 3) to (1, 3) 
Avatar 1 moved from (9, 4) to (8, 4) 
Avatar 2 moved from (1, 13) to (1, 14) 
Avatar 1 moved from (8, 4) to (7, 4) 
Avatar 2 moved from (1, 14) to (0, 14) 
Avatar 0 moved from (1, 3) to (1, 2) 
Avatar 1 moved from (7, 4) to (7, 3) 
Avatar 0 moved from (1, 2) to (1, 1) 
Avatar 1 moved from (7, 3) to (7, 2) 
Avatar 2 moved from (0, 14) to (0, 15) 
Avatar 0 moved from (1, 1) to (2, 1) 
Avatar 0 moved from (2, 1) to (2, 2) 
Avatar 1 moved from (7, 2) to (7, 1) 
Avatar 2 moved from (0, 15) to (0, 16) 
Avatar 2 moved from (0, 16) to (0, 17) 
Avatar 0 moved from (2, 2) to (3, 2) 
Avatar 1 moved from (7, 1) to (7, 2) 
Avatar 2 moved from (0, 17) to (0, 18) 
Avatar 1 moved from (7, 2) to (6, 2) 
Avatar 0 moved from (3, 2) to (3, 1) 
Avatar 2 moved from (0, 18) to (0, 19) 
Avatar 0 moved from (3, 1) to (3, 0) 
Avatar 1 moved from (6, 2) to (6, 3) 
Avatar 0 moved from (3, 0) to (4, 0) 
Avatar 1 moved from (6, 3) to (5, 3) 
Avatar 2 moved from (0, 19) to (0, 18) 
Avatar 0 moved from (4, 0) to (5, 0) 
Avatar 1 moved from (5, 3) to (4, 3) 
Avatar 0 moved from (5, 0) to (5, 1) 
Avatar 1 moved from (4, 3) to (4, 2) 
Avatar 2 moved from (0, 18) to (0, 17) 
Avatar 1 moved from (4, 2) to (5, 2) 
Avatar 2 moved from (0, 17) to (0, 16) 
Avatar 0 moved from (5, 1) to (6, 1) 
Avatar 2 moved from (0, 16) to (1, 16) 
Avatar 2 moved from (1, 16) to (1, 17) 
Avatar 1 moved from (5, 2) to (4, 2) 
Avatar 0 moved from (6, 1) to (6, 0) 
Avatar 1 moved from (4, 2) to (4, 1) 
Avatar 2 moved from (1, 17) to (1, 18) 
Avatar 0 moved from (6, 0) to (7, 0) 
Avatar 2 moved from (1, 18) to (1, 19) 
Avatar 0 moved from (7, 0) to (8, 0) 
Avatar 1 moved from (4, 1) to (4, 2) 
Avatar 0 moved from (8, 0) to (9, 0) 
Avatar 2 moved from (1, 19) to (2, 19) 
Avatar 0 moved from (9, 0) to (9, 1) 
Avatar 1 moved from (4, 2) to (4, 3) 
Avatar 0 moved from (9, 1) to (8, 1) 
Avatar 2 moved from (2, 19) to (3, 19) 
Avatar 1 moved from (4, 3) to (4, 4) 
Avatar 0 moved from (8, 1) to (8, 2) 
Avatar 2 moved from (3, 19) to (3, 18) 
Avatar 1 moved from (4, 4) to (5, 4) 
Avatar 0 moved from (8, 2) to (8, 3) 
Avatar 1 moved from (5, 4) to (5, 5) 
Avatar 2 moved from (3, 18) to (3, 17) 
Avatar 1 moved from (5, 5) to (4, 5) 
Avatar 2 moved from (3, 17) to (4, 17) 
Avatar 0 moved from (8, 3) to (9, 3) 
Avatar 2 moved from (4, 17) to (5, 17) 
Avatar 1 moved from (4, 5) to (4, 6) 
Avatar 1 moved from (4, 6) to (3, 6) 
Avatar 0 moved from (9, 3) to (9, 2) 
Avatar 1 moved from (3, 6) to (3, 5) 
Avatar 2 moved from (5, 17) to (5, 16) 
Avatar 0 moved from (9, 2) to (10, 2) 
Avatar 2 moved from (5, 16) to (6, 16) 
Avatar 1 moved from (3, 5) to (3, 4) 
Avatar 2 moved from (6, 16) to (7, 16) 
Avatar 0 moved from (10, 2) to (10, 1) 
Avatar 1 moved from (3, 4) to (3, 3) 
Avatar 0 moved from (10, 1) to (11, 1) 
Avatar 2 moved from (7, 16) to (8, 16) 
Avatar 0 moved from (11, 1) to (12, 1) 
Avatar 1 moved from (3, 3) to (2, 3) 
Avatar 2 moved from (8, 16) to (8, 15) 
Avatar 0 moved from (12, 1) to (13, 1) 
Avatar 1 moved from (2, 3) to (3, 3) 
Avatar 2 moved from (8, 15) to (7, 15) 
Avatar 0 moved from (13, 1) to (13, 0) 
Avatar 1 moved from (3, 3) to (3, 4) 
Avatar 0 moved from (13, 0) to (14, 0) 
Avatar 2 moved from (7, 15) to (6, 15) 
Avatar 0 moved from (14, 0) to (14, 1) 
Avatar 1 moved from (3, 4) to (3, 5) 
Avatar 2 moved from (6, 15) to (5, 15) 
Avatar 0 moved from (14, 1) to (14, 2) 
Avatar 1 moved from (3, 5) to (3, 6) 
Avatar 1 moved from (3, 6) to (2, 6) 
Avatar 2 moved from (5, 15) to (4, 15) 
Avatar 0 moved from (14, 2) to (14, 3) 
Avatar 2 moved from (4, 15) to (4, 14) 
Avatar 0 moved from (14, 3) to (13, 3) 
Avatar 2 moved from (4, 14) to (5, 14) 
Avatar 1 moved from (2, 6) to (3, 6) 
Avatar 2 moved from (5, 14) to (6, 14) 
Avatar 0 moved from (13, 3) to (13, 4) 
Avatar 0 moved from (13, 4) to (12, 4) 
Avatar 1 moved from (3, 6) to (4, 6) 
Avatar 2 moved from (6, 14) to (7, 14) 
Avatar 0 moved from (12, 4) to (12, 3) 
Avatar 1 moved from (4, 6) to (4, 7) 
Avatar 2 moved from (7, 14) to (7, 13) 
Avatar 0 moved from (12, 3) to (11, 3) 
Avatar 0 moved from (11, 3) to (11, 2) 
Avatar 1 moved from (4, 7) to (4, 6) 
Avatar 2 moved from (7, 13) to (7, 12) 
Avatar 0 moved from (11, 2) to (12, 2) 
Avatar 1 moved from (4, 6) to (4, 5) 
Avatar 0 moved from (12, 2) to (13, 2) 
Avatar 1 moved from (4, 5) to (5, 5) 
Avatar 2 moved from (7, 12) to (6, 12) 
Avatar 1 moved from (5, 5) to (5, 4) 
Avatar 2 moved from (6, 12) to (6, 13) 
Avatar 0 moved from (13, 2) to (12, 2) 
Avatar 2 moved from (6, 13) to (5, 13) 
Avatar 2 moved from (5, 13) to (5, 12) 
Avatar 0 moved from (12, 2) to (11, 2) 
Avatar 1 moved from (5, 4) to (4, 4) 
Avatar 1 moved from (4, 4) to (4, 3) 
Avatar 2 moved from (5, 12) to (5, 11) 
Avatar 1 moved from (4, 3) to (5, 3) 
Avatar 0 moved from (11, 2) to (11, 3) 
Avatar 2 moved from (5, 11) to (5, 10) 
Avatar 0 moved from (11, 3) to (10, 3) 
Avatar 1 moved from (5, 3) to (6, 3) 
Avatar 2 moved from (5, 10) to (4, 10) 
Avatar 0 moved from (10, 3) to (10, 4) 
Avatar 1 moved from (6, 3) to (6, 2) 
Avatar 1 moved from (6, 2) to (7, 2) 
Avatar 2 moved from (4, 10) to (3, 10) 
Avatar 1 moved from (7, 2) to (7, 3) 
Avatar 2 moved from (3, 10) to (3, 9) 
Avatar 0 moved from (10, 4) to (11, 4) 
Avatar 0 moved from (11, 4) to (11, 5) 
Avatar 1 moved from (7, 3) to (7, 4) 
Avatar 0 moved from (11, 5) to (10, 5) 
Avatar 1 moved from (7, 4) to (6, 4) 
Avatar 2 moved from (3, 9) to (3, 10) 
Avatar 0 moved from (10, 5) to (9, 5) 
Avatar 1 moved from (6, 4) to (6, 5) 
Avatar 0 moved from (9, 5) to (8, 5) 
Avatar 2 moved from (3, 10) to (4, 10) 
Avatar 1 moved from (6, 5) to (6, 6) 
Avatar 0 moved from (8, 5) to (7, 5) 
Avatar 1 moved from (6, 6) to (5, 6) 
Avatar 2 moved from (4, 10) to (5, 10) 
Avatar 2 moved from (5, 10) to (5, 11) 
Avatar 0 moved from (7, 5) to (7, 6) 
Avatar 1 moved from (5, 6) to (5, 7) 
Avatar 2 moved from (5, 11) to (5, 12) 
Avatar 1 moved from (5, 7) to (5, 8) 
Avatar 2 moved from (5, 12) to (5, 13) 
Avatar 0 moved from (7, 6) to (8, 6) 
Avatar 1 moved from (5, 8) to (4, 8) 
Avatar 0 moved from (8, 6) to (8, 7) 
Avatar 2 moved from (5, 13) to (6, 13) 
Avatar 0 moved from (8, 7) to (8, 8) 
Avatar 1 moved from (4, 8) to (4, 9) 
Avatar 0 moved from (8, 8) to (7, 8) 
Avatar 2 moved from (6, 13) to (6, 12) 
Avatar 1 moved from (4, 9) to (5, 9) 
Avatar 2 moved from (6, 12) to (7, 12) 
Avatar 0 moved from (7, 8) to (7, 9) 
Avatar 2 moved from (7, 12) to (7, 13) 
Avatar 1 moved from (5, 9) to (6, 9) 
Avatar 1 moved from (6, 9) to (6, 10) 
Avatar 2 moved from (7, 13) to (7, 14) 
Avatar 0 moved from (7, 9) to (8, 9) 
Avatar 2 moved from (7, 14) to (6, 14) 
Avatar 0 moved from (8, 9) to (8, 10) 
Avatar 1 moved from (6, 10) to (6, 11) 
Avatar 2 moved from (6, 14) to (5, 14) 
Avatar 0 moved from (8, 10) to (8, 11) 
Avatar 0 moved from (8, 11) to (7, 11) 
Avatar 2 moved from (5, 14) to (4, 14) 
Avatar 0 moved from (7, 11) to (7, 10) 
Avatar 1 moved from (6, 11) to (6, 10) 
Avatar 1 moved from (6, 10) to (7, 10) 
Avatar 1 moved from (7, 10) to (7, 11) 
Avatar 2 moved from (4, 14) to (4, 15) 
Avatar 0 moved from (7, 10) to (6, 10) 
Avatar 0 moved from (6, 10) to (6, 9) 
Avatar 1 moved from (7, 11) to (8, 11) 
Avatar 2 moved from (4, 15) to (5, 15) 
Avatar 0 moved from (6, 9) to (5, 9) 
Avatar 1 moved from (8, 11) to (9, 11) 
Avatar 2 moved from (5, 15) to (6, 15) 
Avatar 1 moved from (9, 11) to (9, 12) 
Avatar 0 moved from (5, 9) to (4, 9) 
Avatar 2 moved from (6, 15) to (7, 15) 
Avatar 0 moved from (4, 9) to (4, 8) 
Avatar 0 moved from (4, 8) to (5, 8) 
Avatar 1 moved from (9, 12) to (10, 12) 
Avatar 2 moved from (7, 15) to (8, 15) 
Avatar 1 moved from (10, 12) to (10, 13) 
Avatar 2 moved from (8, 15) to (8, 16) 
Avatar 2 moved from (8, 16) to (7, 16) 
Avatar 0 moved from (5, 8) to (5, 7) 
Avatar 1 moved from (10, 13) to (11, 13) 
Avatar 2 moved from (7, 16) to (6, 16) 
Avatar 0 moved from (5, 7) to (5, 6) 
Avatar 0 moved from (5, 6) to (6, 6) 
Avatar 1 moved from (11, 13) to (12, 13) 
Avatar 2 moved from (6, 16) to (5, 16) 
Avatar 0 moved from (6, 6) to (6, 7) 
Avatar 0 moved from (6, 7) to (6, 8) 
Avatar 1 moved from (12, 13) to (12, 12) 
Avatar 2 moved from (5, 16) to (5, 17) 
Avatar 1 moved from (12, 12) to (13, 12) 
Avatar 2 moved from (5, 17) to (4, 17) 
Avatar 1 moved from (13, 12) to (13, 13) 
Avatar 2 moved from (4, 17) to (3, 17) 
Avatar 0 moved from (6, 8) to (6, 7) 
Avatar 1 moved from (13, 13) to (13, 14) 
Avatar 0 moved from (6, 7) to (7, 7) 
Avatar 2 moved from (3, 17) to (3, 18) 
Avatar 1 moved from (13, 14) to (14, 14) 
Avatar 1 moved from (14, 14) to (14, 15) 
Avatar 2 moved from (3, 18) to (3, 19) 
Avatar 0 moved from (7, 7) to (6, 7) 
Avatar 2 moved from (3, 19) to (2, 19) 
Avatar 0 moved from (6, 7) to (6, 6) 
Avatar 1 moved from (14, 15) to (14, 16) 
Avatar 1 moved from (14, 16) to (13, 16) 
Avatar 2 moved from (2, 19) to (1, 19) 
Avatar 0 moved from (6, 6) to (6, 5) 
Avatar 2 moved from (1, 19) to (1, 18) 
Avatar 1 moved from (13, 16) to (12, 16) 
Avatar 0 moved from (6, 5) to (6, 4) 
Avatar 2 moved from (1, 18) to (1, 17) 
Avatar 0 moved from (6, 4) to (7, 4) 
Avatar 1 moved from (12, 16) to (11, 16) 
Avatar 2 moved from (1, 17) to (1, 16) 
Avatar 0 moved from (7, 4) to (8, 4) 
Avatar 1 moved from (11, 16) to (11, 17) 
Avatar 0 moved from (8, 4) to (9, 4) 
Avatar 2 moved from (1, 16) to (0, 16) 
Avatar 2 moved from (0, 16) to (0, 15) 
Avatar 1 moved from (11, 17) to (12, 17) 
Avatar 2 moved from (0, 15) to (0, 14) 
Avatar 0 moved from (9, 4) to (8, 4) 
Avatar 1 moved from (12, 17) to (13, 17) 
Avatar 2 moved from (0, 14) to (1, 14) 
Avatar 1 moved from (13, 17) to (13, 18) 
Avatar 0 moved from (8, 4) to (7, 4) 
Avatar 0 moved from (7, 4) to (7, 3) 
Avatar 2 moved from (1, 14) to (1, 13) 
Avatar 1 moved from (13, 18) to (14, 18) 
Avatar 0 moved from (7, 3) to (7, 2) 
Avatar 1 moved from (14, 18) to (14, 19) 
Avatar 2 moved from (1, 13) to (1, 12) 
Avatar 1 moved from (14, 19) to (13, 19) 
Avatar 0 moved from (7, 2) to (7, 1) 
Avatar 1 moved from (13, 19) to (12, 19) 
Avatar 2 moved from (1, 12) to (0, 12) 
Avatar 2 moved from (0, 12) to (0, 11) 
Avatar 1 moved from (12, 19) to (11, 19) 
Avatar 2 moved from (0, 11) to (1, 11) 
Avatar 0 moved from (7, 1) to (7, 2) 
Avatar 0 moved from (7, 2) to (6, 2) 
Avatar 1 moved from (11, 19) to (10, 19) 
Avatar 1 moved from (10, 19) to (10, 18) 
Avatar 2 moved from (1, 11) to (1, 10) 
Avatar 1 moved from (10, 18) to (11, 18) 
Avatar 0 moved from (6, 2) to (6, 3) 
Avatar 0 moved from (6, 3) to (5, 3) 
Avatar 1 moved from (11, 18) to (12, 18) 
Avatar 2 moved from (1, 10) to (0, 10) 
Avatar 2 moved from (0, 10) to (0, 9) 
Avatar 0 moved from (5, 3) to (4, 3) 
Avatar 0 moved from (4, 3) to (4, 2) 
Avatar 2 moved from (0, 9) to (0, 8) 
Avatar 0 moved from (4, 2) to (5, 2) 
Avatar 1 moved from (12, 18) to (11, 18) 
Avatar 2 moved from (0, 8) to (1, 8) 
Avatar 1 moved from (11, 18) to (10, 18) 
Avatar 2 moved from (1, 8) to (2, 8) 
Avatar 2 moved from (2, 8) to (2, 9) 
Avatar 0 moved from (5, 2) to (4, 2) 
Avatar 1 moved from (10, 18) to (9, 18) 
Avatar 2 moved from (2, 9) to (1, 9) 
Avatar 0 moved from (4, 2) to (4, 1) 
Avatar 1 moved from (9, 18) to (9, 19) 
Avatar 1 moved from (9, 19) to (8, 19) 
Avatar 2 moved from (1, 9) to (2, 9) 
Avatar 0 moved from (4, 1) to (4, 2) 
Avatar 1 moved from (8, 19) to (8, 18) 
Avatar 2 moved from (2, 9) to (2, 10) 
Avatar 0 moved from (4, 2) to (4, 3) 
Avatar 1 moved from (8, 18) to (8, 17) 
Avatar 2 moved from (2, 10) to (2, 11) 
Avatar 1 moved from (8, 17) to (9, 17) 
Avatar 0 moved from (4, 3) to (4, 4) 
Avatar 2 moved from (2, 11) to (2, 12) 
Avatar 1 moved from (9, 17) to (9, 16) 
Avatar 0 moved from (4, 4) to (5, 4) 
Avatar 2 moved from (2, 12) to (3, 12) 
Avatar 0 moved from (5, 4) to (5, 5) 
Avatar 1 moved from (9, 16) to (9, 15) 
Avatar 0 moved from (5, 5) to (4, 5) 
Avatar 2 moved from (3, 12) to (4, 12) 
Avatar 1 moved from (9, 15) to (9, 14) 
Avatar 2 moved from (4, 12) to (4, 13) 
Avatar 1 moved from (9, 14) to (10, 14) 
Avatar 2 moved from (4, 13) to (3, 13) 
Avatar 0 moved from (4, 5) to (4, 6) 
Avatar 1 moved from (10, 14) to (10, 15) 
Avatar 0 moved from (4, 6) to (3, 6) 
Avatar 2 moved from (3, 13) to (2, 13) 
Avatar 0 moved from (3, 6) to (3, 5) 
Avatar 1 moved from (10, 15) to (10, 16) 
Avatar 0 moved from (3, 5) to (3, 4) 
Avatar 1 moved from (10, 16) to (10, 17) 
Avatar 2 moved from (2, 13) to (2, 14) 
Avatar 0 moved from (3, 4) to (3, 3) 
Avatar 2 moved from (2, 14) to (2, 15) 
Avatar 2 moved from (2, 15) to (1, 15) 
Avatar 1 moved from (10, 17) to (10, 16) 
Avatar 0 moved from (3, 3) to (2, 3) 
Avatar 1 moved from (10, 16) to (10, 15) 
Avatar 1 moved from (10, 15) to (11, 15) 
Avatar 2 moved from (1, 15) to (2, 15) 
Avatar 2 moved from (2, 15) to (2, 16) 
Avatar 0 moved from (2, 3) to (3, 3) 
Avatar 1 moved from (11, 15) to (12, 15) 
Avatar 0 moved from (3, 3) to (3, 4) 
Avatar 2 moved from (2, 16) to (2, 17) 
Avatar 1 moved from (12, 15) to (13, 15) 
Avatar 0 moved from (3, 4) to (3, 5) 
Avatar 2 moved from (2, 17) to (2, 18) 
Avatar 0 moved from (3, 5) to (3, 6) 
Avatar 0 moved from (3, 6) to (2, 6) 
Avatar 1 moved from (13, 15) to (12, 15) 
Avatar 1 moved from (12, 15) to (12, 14) 
Avatar 2 moved from (2, 18) to (2, 17) 
Avatar 2 moved from (2, 17) to (2, 16) 
Avatar 0 moved from (2, 6) to (3, 6) 
Avatar 1 moved from (12, 14) to (11, 14) 
Avatar 2 moved from (2, 16) to (3, 16) 
Avatar 0 moved from (3, 6) to (4, 6) 
Avatar 2 moved from (3, 16) to (4, 16) 
Avatar 0 moved from (4, 6) to (4, 7) 
Avatar 1 moved from (11, 14) to (12, 14) 
Avatar 1 moved from (12, 14) to (12, 15) 
Avatar 1 moved from (12, 15) to (11, 15) 
Avatar 2 moved from (4, 16) to (3, 16) 
Avatar 0 moved from (4, 7) to (4, 6) 
Avatar 2 moved from (3, 16) to (3, 15) 
Avatar 1 moved from (11, 15) to (10, 15) 
Avatar 0 moved from (4, 6) to (4, 5) 
Avatar 1 moved from (10, 15) to (10, 14) 
Avatar 2 moved from (3, 15) to (3, 14) 
Avatar 0 moved from (4, 5) to (5, 5) 
Avatar 1 moved from (10, 14) to (9, 14) 
Avatar 0 moved from (5, 5) to (5, 4) 
Avatar 1 moved from (9, 14) to (9, 13) 
Avatar 2 moved from (3, 14) to (3, 15) 
Avatar 2 moved from (3, 15) to (3, 16) 
Avatar 0 moved from (5, 4) to (4, 4) 
Avatar 1 moved from (9, 13) to (8, 13) 
Avatar 2 moved from (3, 16) to (2, 16) 
Avatar 0 moved from (4, 4) to (4, 3) 
Avatar 1 moved from (8, 13) to (8, 12) 
Avatar 2 moved from (2, 16) to (2, 15) 
Avatar 0 moved from (4, 3) to (5, 3) 
Avatar 2 moved from (2, 15) to (2, 14) 
Avatar 0 moved from (5, 3) to (6, 3) 
Avatar 1 moved from (8, 12) to (8, 13) 
Avatar 2 moved from (2, 14) to (2, 13) 
Avatar 2 moved from (2, 13) to (3, 13) 
Avatar 0 moved from (6, 3) to (6, 2) 
Avatar 1 moved from (8, 13) to (8, 14) 
Avatar 0 moved from (6, 2) to (7, 2) 
Avatar 2 moved from (3, 13) to (4, 13) 
Avatar 0 moved from (7, 2) to (7, 3) 
Avatar 0 moved from (7, 3) to (7, 4) 
Avatar 1 moved from (8, 14) to (8, 13) 
Avatar 2 moved from (4, 13) to (4, 12) 
Avatar 0 moved from (7, 4) to (6, 4) 
Avatar 1 moved from (8, 13) to (9, 13) 
Avatar 1 moved from (9, 13) to (9, 14) 
Avatar 2 moved from (4, 12) to (4, 11) 
Avatar 0 moved from (6, 4) to (6, 5) 
Avatar 1 moved from (9, 14) to (9, 15) 
Avatar 2 moved from (4, 11) to (3, 11) 
Avatar 0 moved from (6, 5) to (6, 6) 
Avatar 1 moved from (9, 15) to (9, 16) 
Avatar 0 moved from (6, 6) to (5, 6) 
Avatar 1 moved from (9, 16) to (9, 17) 
Avatar 1 moved from (9, 17) to (8, 17) 
Avatar 2 moved from (3, 11) to (4, 11) 
Avatar 0 moved from (5, 6) to (5, 7) 
Avatar 2 moved from (4, 11) to (4, 12) 
Avatar 1 moved from (8, 17) to (7, 17) 
Avatar 2 moved from (4, 12) to (3, 12) 
Avatar 0 moved from (5, 7) to (5, 8) 
Avatar 0 moved from (5, 8) to (4, 8) 
Avatar 2 moved from (3, 12) to (2, 12) 
Avatar 1 moved from (7, 17) to (7, 18) 
Avatar 2 moved from (2, 12) to (2, 11) 
Avatar 0 moved from (4, 8) to (4, 9) 
Avatar 1 moved from (7, 18) to (7, 19) 
Avatar 2 moved from (2, 11) to (2, 10) 
Avatar 1 moved from (7, 19) to (6, 19) 
Avatar 1 moved from (6, 19) to (6, 18) 
Avatar 2 moved from (2, 10) to (2, 9) 
Avatar 0 moved from (4, 9) to (5, 9) 
Avatar 1 moved from (6, 18) to (6, 17) 
Avatar 2 moved from (2, 9) to (2, 8) 
Avatar 0 moved from (5, 9) to (6, 9) 
Avatar 2 moved from (2, 8) to (3, 8) 
Avatar 0 moved from (6, 9) to (6, 10) 
Avatar 0 moved from (6, 10) to (6, 11) 
Avatar 1 moved from (6, 17) to (6, 18) 
Avatar 2 moved from (3, 8) to (3, 7) 
Avatar 1 moved from (6, 18) to (5, 18) 
Avatar 1 moved from (5, 18) to (4, 18) 
Avatar 2 moved from (3, 7) to (2, 7) 
Avatar 0 moved from (6, 11) to (6, 10) 
Avatar 0 moved from (6, 10) to (7, 10) 
Avatar 2 moved from (2, 7) to (1, 7) 
Avatar 0 moved from (7, 10) to (7, 11) 
Avatar 1 moved from (4, 18) to (4, 19) 
Avatar 2 moved from (1, 7) to (1, 6) 
Avatar 0 moved from (7, 11) to (8, 11) 
Avatar 1 moved from (4, 19) to (5, 19) 
Avatar 2 moved from (1, 6) to (0, 6) 
Avatar 2 moved from (0, 6) to (0, 5) 
Avatar 0 moved from (8, 11) to (9, 11) 
Avatar 2 moved from (0, 5) to (1, 5) 
Avatar 0 moved from (9, 11) to (9, 12) 
Avatar 1 moved from (5, 19) to (4, 19) 
Avatar 2 moved from (1, 5) to (2, 5) 
Avatar 1 moved from (4, 19) to (4, 18) 
Avatar 0 moved from (9, 12) to (10, 12) 
Avatar 1 moved from (4, 18) to (5, 18) 
Avatar 0 moved from (10, 12) to (10, 13) 
Avatar 2 moved from (2, 5) to (2, 4) 
Avatar 1 moved from (5, 18) to (6, 18) 
Avatar 1 moved from (6, 18) to (6, 19) 
Avatar 0 moved from (10, 13) to (11, 13) 
Avatar 2 moved from (2, 4) to (1, 4) 
Avatar 0 moved from (11, 13) to (12, 13) 
Avatar 1 moved from (6, 19) to (7, 19) 
Avatar 2 moved from (1, 4) to (0, 4) 
Avatar 2 moved from (0, 4) to (0, 3) 
Avatar 2 moved from (0, 3) to (1, 3) 
Avatar 0 moved from (12, 13) to (12, 12) 
Avatar 1 moved from (7, 19) to (7, 18) 
Avatar 0 moved from (12, 12) to (13, 12) 
Avatar 0 moved from (13, 12) to (13, 13) 
Avatar 1 moved from (7, 18) to (7, 17) 
Avatar 2 moved from (1, 3) to (1, 2) 
Avatar 1 moved from (7, 17) to (8, 17) 
Avatar 0 moved from (13, 13) to (13, 14) 
Avatar 1 moved from (8, 17) to (8, 18) 
Avatar 2 moved from (1, 2) to (1, 1) 
Avatar 2 moved from (1, 1) to (2, 1) 
Avatar 1 moved from (8, 18) to (8, 19) 
Avatar 2 moved from (2, 1) to (2, 2) 
Avatar 0 moved from (13, 14) to (14, 14) 
Avatar 0 moved from (14, 14) to (14, 15) 
Avatar 1 moved from (8, 19) to (9, 19) 
Avatar 2 moved from (2, 2) to (3, 2) 
Avatar 0 moved from (14, 15) to (14, 16) 
Avatar 0 moved from (14, 16) to (13, 16) 
Avatar 1 moved from (9, 19) to (9, 18) 
Avatar 2 moved from (3, 2) to (3, 1) 
Avatar 0 moved from (13, 16) to (12, 16) 
Avatar 1 moved from (9, 18) to (10, 18) 
Avatar 1 moved from (10, 18) to (10, 19) 
Avatar 2 moved from (3, 1) to (3, 0) 
Avatar 0 moved from (12, 16) to (11, 16) 
Avatar 2 moved from (3, 0) to (4, 0) 
Avatar 1 moved from (10, 19) to (11, 19) 
Avatar 2 moved from (4, 0) to (5, 0) 
Avatar 0 moved from (11, 16) to (11, 17) 
Avatar 2 moved from (5, 0) to (5, 1) 
Avatar 1 moved from (11, 19) to (12, 19) 
Avatar 0 moved from (11, 17) to (12, 17) 
Avatar 1 moved from (12, 19) to (13, 19) 
Avatar 2 moved from (5, 1) to (6, 1) 
Avatar 0 moved from (12, 17) to (13, 17) 
Avatar 1 moved from (13, 19) to (14, 19) 
Avatar 0 moved from (13, 17) to (13, 18) 
Avatar 2 moved from (6, 1) to (6, 0) 
Avatar 1 moved from (14, 19) to (15, 19) 
Avatar 2 moved from (6, 0) to (7, 0) 
Avatar 0 moved from (13, 18) to (14, 18) 
Avatar 2 moved from (7, 0) to (8, 0) 
Avatar 0 moved from (14, 18) to (14, 19) 
Avatar 1 moved from (15, 19) to (15, 18) 
Avatar 0 moved from (14, 19) to (13, 19) 
Avatar 2 moved from (8, 0) to (9, 0) 
Avatar 1 moved from (15, 18) to (15, 17) 
Avatar 2 moved from (9, 0) to (9, 1) 
Avatar 0 moved from (13, 19) to (12, 19) 
Avatar 2 moved from (9, 1) to (8, 1) 
Avatar 1 moved from (15, 17) to (15, 16) 
Avatar 0 moved from (12, 19) to (11, 19) 
Avatar 1 moved from (15, 16) to (16, 16) 
Avatar 2 moved from (8, 1) to (8, 2) 
Avatar 0 moved from (11, 19) to (10, 19) 
Avatar 0 moved from (10, 19) to (10, 18) 
Avatar 1 moved from (16, 16) to (16, 15) 
Avatar 2 moved from (8, 2) to (8, 3) 
Avatar 0 moved from (10, 18) to (11, 18) 
Avatar 0 moved from (11, 18) to (12, 18) 
Avatar 1 moved from (16, 15) to (15, 15) 
Avatar 2 moved from (8, 3) to (9, 3) 
Avatar 1 moved from (15, 15) to (15, 14) 
Avatar 1 moved from (15, 14) to (16, 14) 
Avatar 2 moved from (9, 3) to (9, 2) 
Avatar 0 moved from (12, 18) to (11, 18) 
Avatar 2 moved from (9, 2) to (10, 2) 
Avatar 1 moved from (16, 14) to (16, 13) 
Avatar 0 moved from (11, 18) to (10, 18) 
Avatar 1 moved from (16, 13) to (16, 12) 
Avatar 2 moved from (10, 2) to (10, 1) 
Avatar 0 moved from (10, 18) to (9, 18) 
Avatar 1 moved from (16, 12) to (17, 12) 
Avatar 2 moved from (10, 1) to (11, 1) 
Avatar 1 moved from (17, 12) to (17, 13) 
Avatar 2 moved from (11, 1) to (12, 1) 
Avatar 0 moved from (9, 18) to (9, 19) 
Avatar 1 moved from (17, 13) to (17, 14) 
Avatar 0 moved from (9, 19) to (8, 19) 
Avatar 2 moved from (12, 1) to (13, 1) 
Avatar 0 moved from (8, 19) to (8, 18) 
Avatar 1 moved from (17, 14) to (18, 14) 
Avatar 0 moved from (8, 18) to (8, 17) 
Avatar 1 moved from (18, 14) to (18, 15) 
Avatar 2 moved from (13, 1) to (13, 0) 
Avatar 0 moved from (8, 17) to (9, 17) 
Avatar 1 moved from (18, 15) to (17, 15) 
Avatar 2 moved from (13, 0) to (14, 0) 
Avatar 2 moved from (14, 0) to (14, 1) 
Avatar 0 moved from (9, 17) to (9, 16) 
Avatar 1 moved from (17, 15) to (17, 16) 
Avatar 2 moved from (14, 1) to (14, 2) 
Avatar 0 moved from (9, 16) to (9, 15) 
Avatar 2 moved from (14, 2) to (14, 3) 
Avatar 1 moved from (17, 16) to (18, 16) 
Avatar 2 moved from (14, 3) to (13, 3) 
Avatar 0 moved from (9, 15) to (9, 14) 
Avatar 1 moved from (18, 16) to (18, 17) 
Avatar 0 moved from (9, 14) to (10, 14) 
Avatar 0 moved from (10, 14) to (10, 15) 
Avatar 1 moved from (18, 17) to (18, 18) 
Avatar 2 moved from (13, 3) to (13, 4) 
Avatar 1 moved from (18, 18) to (17, 18) 
Avatar 2 moved from (13, 4) to (12, 4) 
Avatar 0 moved from (10, 15) to (10, 16) 
Avatar 2 moved from (12, 4) to (12, 3) 
Avatar 0 moved from (10, 16) to (10, 17) 
Avatar 1 moved from (17, 18) to (17, 19) 
Avatar 1 moved from (17, 19) to (16, 19) 
Avatar 2 moved from (12, 3) to (11, 3) 
Avatar 1 moved from (16, 19) to (16, 18) 
Avatar 2 moved from (11, 3) to (11, 2) 
Avatar 2 moved from (11, 2) to (12, 2) 
Avatar 0 moved from (10, 17) to (10, 16) 
Avatar 1 moved from (16, 18) to (16, 17) 
Avatar 1 moved from (16, 17) to (17, 17) 
Avatar 2 moved from (12, 2) to (13, 2) 
Avatar 0 moved from (10, 16) to (10, 15) 
Avatar 0 moved from (10, 15) to (11, 15) 
Avatar 0 moved from (11, 15) to (12, 15) 
Avatar 1 moved from (17, 17) to (16, 17) 
Avatar 2 moved from (13, 2) to (12, 2) 
Avatar 0 moved from (12, 15) to (13, 15) 
Avatar 2 moved from (12, 2) to (11, 2) 
Avatar 1 moved from (16, 17) to (16, 18) 
Avatar 1 moved from (16, 18) to (16, 19) 
Avatar 2 moved from (11, 2) to (11, 3) 
Avatar 0 moved from (13, 15) to (12, 15) 
Avatar 2 moved from (11, 3) to (10, 3) 
Avatar 0 moved from (12, 15) to (12, 14) 
Avatar 1 moved from (16, 19) to (17, 19) 
Avatar 2 moved from (10, 3) to (10, 4) 
Avatar 0 moved from (12, 14) to (11, 14) 
Avatar 1 moved from (17, 19) to (18, 19) 
Avatar 1 moved from (18, 19) to (19, 19) 
Avatar 2 moved from (10, 4) to (11, 4) 
Avatar 2 moved from (11, 4) to (11, 5) 
Avatar 0 moved from (11, 14) to (12, 14) 
Avatar 2 moved from (11, 5) to (10, 5) 
Avatar 0 moved from (12, 14) to (12, 15) 
Avatar 1 moved from (19, 19) to (19, 18) 
Avatar 0 moved from (12, 15) to (11, 15) 
Avatar 2 moved from (10, 5) to (9, 5) 
Avatar 1 moved from (19, 18) to (19, 17) 
Avatar 0 moved from (11, 15) to (10, 15) 
Avatar 2 moved from (9, 5) to (8, 5) 
Avatar 0 moved from (10, 15) to (10, 14) 
Avatar 1 moved from (19, 17) to (19, 16) 
Avatar 2 moved from (8, 5) to (7, 5) 
Avatar 1 moved from (19, 16) to (19, 15) 
Avatar 0 moved from (10, 14) to (9, 14) 
Avatar 0 moved from (9, 14) to (9, 13) 
Avatar 1 moved from (19, 15) to (19, 14) 
Avatar 2 moved from (7, 5) to (7, 6) 
Avatar 1 moved from (19, 14) to (19, 13) 
Avatar 0 moved from (9, 13) to (8, 13) 
Avatar 2 moved from (7, 6) to (8, 6) 
Avatar 0 moved from (8, 13) to (8, 12) 
Avatar 2 moved from (8, 6) to (8, 7) 
Avatar 1 moved from (19, 13) to (18, 13) 
Avatar 1 moved from (18, 13) to (18, 12) 
Avatar 2 moved from (8, 7) to (8, 8) 
Avatar 2 moved from (8, 8) to (7, 8) 
Avatar 0 moved from (8, 12) to (8, 13) 
Avatar 1 moved from (18, 12) to (18, 11) 
Avatar 0 moved from (8, 13) to (8, 14) 
Avatar 2 moved from (7, 8) to (7, 9) 
Avatar 1 moved from (18, 11) to (17, 11) 
Avatar 1 moved from (17, 11) to (16, 11) 
Avatar 2 moved from (7, 9) to (8, 9) 
Avatar 0 moved from (8, 14) to (8, 13) 
Avatar 1 moved from (16, 11) to (16, 10) 
Avatar 2 moved from (8, 9) to (8, 10) 
Avatar 0 moved from (8, 13) to (9, 13) 
Avatar 0 moved from (9, 13) to (9, 14) 
Avatar 2 moved from (8, 10) to (8, 11) 
Avatar 1 moved from (16, 10) to (15, 10) 
Avatar 2 moved from (8, 11) to (7, 11) 
Avatar 0 moved from (9, 14) to (9, 15) 
Avatar 2 moved from (7, 11) to (7, 10) 
Avatar 1 moved from (15, 10) to (14, 10) 
Avatar 0 moved from (9, 15) to (9, 16) 
Avatar 1 moved from (14, 10) to (14, 9) 
Avatar 1 moved from (14, 9) to (15, 9) 
Avatar 2 moved from (7, 10) to (6, 10) 
Avatar 0 moved from (9, 16) to (9, 17) 
Avatar 2 moved from (6, 10) to (6, 9) 
Avatar 0 moved from (9, 17) to (8, 17) 
Avatar 1 moved from (15, 9) to (15, 8) 
Avatar 0 moved from (8, 17) to (7, 17) 
Avatar 1 moved from (15, 8) to (16, 8) 
Avatar 2 moved from (6, 9) to (5, 9) 
Avatar 1 moved from (16, 8) to (16, 9) 
Avatar 2 moved from (5, 9) to (4, 9) 
Avatar 0 moved from (7, 17) to (7, 18) 
Avatar 2 moved from (4, 9) to (4, 8) 
Avatar 1 moved from (16, 9) to (17, 9) 
Avatar 2 moved from (4, 8) to (5, 8) 
Avatar 0 moved from (7, 18) to (7, 19) 
Avatar 0 moved from (7, 19) to (6, 19) 
Avatar 0 moved from (6, 19) to (6, 18) 
Avatar 1 moved from (17, 9) to (17, 8) 
Avatar 2 moved from (5, 8) to (5, 7) 
Avatar 1 moved from (17, 8) to (18, 8) 
Avatar 0 moved from (6, 18) to (6, 17) 
Avatar 1 moved from (18, 8) to (18, 9) 
Avatar 2 moved from (5, 7) to (5, 6) 
Avatar 2 moved from (5, 6) to (6, 6) 
Avatar 2 moved from (6, 6) to (6, 7) 
Avatar 1 moved from (18, 9) to (19, 9) 
Avatar 0 moved from (6, 17) to (6, 18) 
Avatar 1 moved from (19, 9) to (19, 10) 
Avatar 2 moved from (6, 7) to (6, 8) 
Avatar 0 moved from (6, 18) to (5, 18) 
Avatar 1 moved from (19, 10) to (18, 10) 
Avatar 0 moved from (5, 18) to (4, 18) 
Avatar 1 moved from (18, 10) to (17, 10) 
Avatar 2 moved from (6, 8) to (6, 7) 
Avatar 2 moved from (6, 7) to (7, 7) 
Avatar 0 moved from (4, 18) to (4, 19) 
Avatar 1 moved from (17, 10) to (18, 10) 
Avatar 0 moved from (4, 19) to (5, 19) 
Avatar 1 moved from (18, 10) to (19, 10) 
Avatar 2 moved from (7, 7) to (6, 7) 
Avatar 1 moved from (19, 10) to (19, 11) 
Avatar 2 moved from (6, 7) to (6, 6) 
Avatar 1 moved from (19, 11) to (19, 12) 
Avatar 2 moved from (6, 6) to (6, 5) 
Avatar 0 moved from (5, 19) to (4, 19) 
Avatar 0 moved from (4, 19) to (4, 18) 
Avatar 2 moved from (6, 5) to (6, 4) 
Avatar 0 moved from (4, 18) to (5, 18) 
Avatar 2 moved from (6, 4) to (7, 4) 
Avatar 1 moved from (19, 12) to (19, 11) 
Avatar 0 moved from (5, 18) to (6, 18) 
Avatar 2 moved from (7, 4) to (8, 4) 
Avatar 0 moved from (6, 18) to (6, 19) 
Avatar 1 moved from (19, 11) to (19, 10) 
Avatar 2 moved from (8, 4) to (9, 4) 
Avatar 1 moved from (19, 10) to (19, 9) 
Avatar 0 moved from (6, 19) to (7, 19) 
Avatar 1 moved from (19, 9) to (19, 8) 
Avatar 2 moved from (9, 4) to (8, 4) 
Avatar 0 moved from (7, 19) to (7, 18) 
Avatar 1 moved from (19, 8) to (19, 7) 
Avatar 2 moved from (8, 4) to (7, 4) 
Avatar 0 moved from (7, 18) to (7, 17) 
Avatar 2 moved from (7, 4) to (7, 3) 
Avatar 0 moved from (7, 17) to (8, 17) 
Avatar 1 moved from (19, 7) to (18, 7) 
Avatar 0 moved from (8, 17) to (8, 18) 
Avatar 2 moved from (7, 3) to (7, 2) 
Avatar 1 moved from (18, 7) to (17, 7) 
Avatar 0 moved from (8, 18) to (8, 19) 
Avatar 1 moved from (17, 7) to (17, 6) 
Avatar 2 moved from (7, 2) to (7, 1) 
Avatar 0 moved from (8, 19) to (9, 19) 
Avatar 1 moved from (17, 6) to (16, 6) 
Avatar 2 moved from (7, 1) to (7, 2) 
Avatar 2 moved from (7, 2) to (6, 2) 
Avatar 0 moved from (9, 19) to (9, 18) 
Avatar 1 moved from (16, 6) to (16, 7) 
Avatar 0 moved from (9, 18) to (10, 18) 
Avatar 1 moved from (16, 7) to (15, 7) 
Avatar 0 moved from (10, 18) to (10, 19) 
Avatar 1 moved from (15, 7) to (15, 6) 
Avatar 2 moved from (6, 2) to (6, 3) 
Avatar 2 moved from (6, 3) to (5, 3) 
Avatar 1 moved from (15, 6) to (15, 5) 
Avatar 0 moved from (10, 19) to (11, 19) 
Avatar 2 moved from (5, 3) to (4, 3) 
Avatar 1 moved from (15, 5) to (15, 4) 
Avatar 2 moved from (4, 3) to (4, 2) 
Avatar 0 moved from (11, 19) to (12, 19) 
Avatar 2 moved from (4, 2) to (5, 2) 
Avatar 1 moved from (15, 4) to (15, 3) 
Avatar 0 moved from (12, 19) to (13, 19) 
Avatar 1 moved from (15, 3) to (16, 3) 
Avatar 1 moved from (16, 3) to (16, 4) 
Avatar 0 moved from (13, 19) to (14, 19) 
Avatar 2 moved from (5, 2) to (4, 2) 
Avatar 2 moved from (4, 2) to (4, 1) 
Avatar 0 moved from (14, 19) to (15, 19) 
Avatar 1 moved from (16, 4) to (17, 4) 
Avatar 1 moved from (17, 4) to (17, 5) 
Avatar 1 moved from (17, 5) to (16, 5) 
Avatar 0 moved from (15, 19) to (15, 18) 
Avatar 2 moved from (4, 1) to (4, 2) 
Avatar 0 moved from (15, 18) to (15, 17) 
Avatar 2 moved from (4, 2) to (4, 3) 
Avatar 1 moved from (16, 5) to (17, 5) 
Avatar 0 moved from (15, 17) to (15, 16) 
Avatar 2 moved from (4, 3) to (4, 4) 
Avatar 0 moved from (15, 16) to (16, 16) 
Avatar 1 moved from (17, 5) to (18, 5) 
Avatar 1 moved from (18, 5) to (18, 6) 
Avatar 2 moved from (4, 4) to (5, 4) 
Avatar 0 moved from (16, 16) to (16, 15) 
Avatar 2 moved from (5, 4) to (5, 5) 
Avatar 1 moved from (18, 6) to (19, 6) 
Avatar 2 moved from (5, 5) to (4, 5) 
Avatar 0 moved from (16, 15) to (15, 15) 
Avatar 0 moved from (15, 15) to (15, 14) 
Avatar 1 moved from (19, 6) to (19, 5) 
Avatar 2 moved from (4, 5) to (4, 6) 
Avatar 0 moved from (15, 14) to (16, 14) 
Avatar 2 moved from (4, 6) to (3, 6) 
Avatar 1 moved from (19, 5) to (19, 4) 
Avatar 2 moved from (3, 6) to (3, 5) 
Avatar 0 moved from (16, 14) to (16, 13) 
Avatar 2 moved from (3, 5) to (3, 4) 
Avatar 1 moved from (19, 4) to (18, 4) 
Avatar 0 moved from (16, 13) to (16, 12) 
Avatar 1 moved from (18, 4) to (18, 3) 
Avatar 2 moved from (3, 4) to (3, 3) 
Avatar 0 moved from (16, 12) to (17, 12) 
Avatar 0 moved from (17, 12) to (17, 13) 
Avatar 1 moved from (18, 3) to (18, 2) 
Avatar 2 moved from (3, 3) to (2, 3) 
Avatar 0 moved from (17, 13) to (17, 14) 
Avatar 1 moved from (18, 2) to (17, 2) 
Avatar 0 moved from (17, 14) to (18, 14) 
Avatar 1 moved from (17, 2) to (16, 2) 
Avatar 2 moved from (2, 3) to (3, 3) 
Avatar 0 moved from (18, 14) to (18, 15) 
Avatar 1 moved from (16, 2) to (16, 1) 
Avatar 2 moved from (3, 3) to (3, 4) 
Avatar 0 moved from (18, 15) to (17, 15) 
Avatar 1 moved from (16, 1) to (17, 1) 
Avatar 2 moved from (3, 4) to (3, 5) 
Avatar 1 moved from (17, 1) to (18, 1) 
Avatar 0 moved from (17, 15) to (17, 16) 
Avatar 2 moved from (3, 5) to (3, 6) 
Avatar 2 moved from (3, 6) to (2, 6) 
Avatar 1 moved from (18, 1) to (18, 0) 
Avatar 0 moved from (17, 16) to (18, 16) 
Avatar 1 moved from (18, 0) to (19, 0) 
Avatar 0 moved from (18, 16) to (18, 17) 
Avatar 1 moved from (19, 0) to (19, 1) 
Avatar 2 moved from (2, 6) to (3, 6) 
Avatar 0 moved from (18, 17) to (18, 18) 
Avatar 1 moved from (19, 1) to (19, 2) 
Avatar 0 moved from (18, 18) to (17, 18) 
Avatar 2 moved from (3, 6) to (4, 6) 
Avatar 1 moved from (19, 2) to (19, 3) 
Avatar 2 moved from (4, 6) to (4, 7) 
Avatar 0 moved from (17, 18) to (17, 19) 
Avatar 0 moved from (17, 19) to (16, 19) 
Avatar 0 moved from (16, 19) to (16, 18) 
Avatar 1 moved from (19, 3) to (19, 2) 
Avatar 2 moved from (4, 7) to (4, 6) 
Avatar 0 moved from (16, 18) to (16, 17) 
Avatar 1 moved from (19, 2) to (19, 1) 
Avatar 2 moved from (4, 6) to (4, 5) 
Avatar 0 moved from (16, 17) to (17, 17) 
Avatar 2 moved from (4, 5) to (5, 5) 
Avatar 1 moved from (19, 1) to (19, 0) 
Avatar 2 moved from (5, 5) to (5, 4) 
Avatar 0 moved from (17, 17) to (16, 17) 
Avatar 1 moved from (19, 0) to (18, 0) 
Avatar 1 moved from (18, 0) to (17, 0) 
Avatar 2 moved from (5, 4) to (4, 4) 
Avatar 0 moved from (16, 17) to (16, 18) 
Avatar 2 moved from (4, 4) to (4, 3) 
Avatar 1 moved from (17, 0) to (16, 0) 
Avatar 2 moved from (4, 3) to (5, 3) 
Avatar 0 moved from (16, 18) to (16, 19) 
Avatar 1 moved from (16, 0) to (15, 0) 
Avatar 2 moved from (5, 3) to (6, 3) 
Avatar 0 moved from (16, 19) to (17, 19) 
Avatar 1 moved from (15, 0) to (15, 1) 
Avatar 2 moved from (6, 3) to (6, 2) 
Avatar 0 moved from (17, 19) to (18, 19) 
Avatar 2 moved from (6, 2) to (7, 2) 
Avatar 1 moved from (15, 1) to (15, 2) 
Avatar 2 moved from (7, 2) to (7, 3) 
Avatar 0 moved from (18, 19) to (19, 19) 
Avatar 2 moved from (7, 3) to (7, 4) 
Avatar 2 moved from (7, 4) to (6, 4) 
Avatar 0 moved from (19, 19) to (19, 18) 
Avatar 1 moved from (15, 2) to (15, 1) 
Avatar 0 moved from (19, 18) to (19, 17) 
Avatar 1 moved from (15, 1) to (15, 0) 
Avatar 2 moved from (6, 4) to (6, 5) 
Avatar 1 moved from (15, 0) to (16, 0) 
Avatar 0 moved from (19, 17) to (19, 16) 
Avatar 2 moved from (6, 5) to (6, 6) 
Avatar 1 moved from (16, 0) to (17, 0) 
Avatar 2 moved from (6, 6) to (5, 6) 
Avatar 0 moved from (19, 16) to (19, 15) 
Avatar 1 moved from (17, 0) to (18, 0) 
Avatar 0 moved from (19, 15) to (19, 14) 
Avatar 1 moved from (18, 0) to (18, 1) 
Avatar 2 moved from (5, 6) to (5, 7) 
Avatar 1 moved from (18, 1) to (17, 1) 
Avatar 0 moved from (19, 14) to (19, 13) 
Avatar 2 moved from (5, 7) to (5, 8) 
Avatar 1 moved from (17, 1) to (16, 1) 
Avatar 2 moved from (5, 8) to (4, 8) 
Avatar 0 moved from (19, 13) to (18, 13) 
Avatar 0 moved from (18, 13) to (18, 12) 
Avatar 1 moved from (16, 1) to (16, 2) 
Avatar 2 moved from (4, 8) to (4, 9) 
Avatar 0 moved from (18, 12) to (18, 11) 
Avatar 1 moved from (16, 2) to (17, 2) 
Avatar 2 moved from (4, 9) to (5, 9) 
Avatar 1 moved from (17, 2) to (17, 3) 
Avatar 0 moved from (18, 11) to (17, 11) 
Avatar 2 moved from (5, 9) to (6, 9) 
Avatar 2 moved from (6, 9) to (6, 10) 
Avatar 0 moved from (17, 11) to (16, 11) 
Avatar 0 moved from (16, 11) to (16, 10) 
Avatar 1 moved from (17, 3) to (17, 2) 
Avatar 2 moved from (6, 10) to (6, 11) 
Avatar 1 moved from (17, 2) to (18, 2) 
Avatar 1 moved from (18, 2) to (18, 3) 
Avatar 0 moved from (16, 10) to (15, 10) 
Avatar 1 moved from (18, 3) to (18, 4) 
Avatar 2 moved from (6, 11) to (6, 10) 
Avatar 0 moved from (15, 10) to (14, 10) 
Avatar 2 moved from (6, 10) to (7, 10) 
Avatar 0 moved from (14, 10) to (14, 9) 
Avatar 2 moved from (7, 10) to (7, 11) 
Avatar 0 moved from (14, 9) to (15, 9) 
Avatar 1 moved from (18, 4) to (19, 4) 
Avatar 1 moved from (19, 4) to (19, 5) 
Avatar 2 moved from (7, 11) to (8, 11) 
Avatar 0 moved from (15, 9) to (15, 8) 
Avatar 1 moved from (19, 5) to (19, 6) 
Avatar 0 moved from (15, 8) to (16, 8) 
Avatar 1 moved from (19, 6) to (18, 6) 
Avatar 2 moved from (8, 11) to (9, 11) 
Avatar 0 moved from (16, 8) to (16, 9) 
Avatar 1 moved from (18, 6) to (18, 5) 
Avatar 2 moved from (9, 11) to (9, 12) 
Avatar 0 moved from (16, 9) to (17, 9) 
Avatar 1 moved from (18, 5) to (17, 5) 
Avatar 2 moved from (9, 12) to (10, 12) 
Avatar 1 moved from (17, 5) to (17, 4) 
Avatar 2 moved from (10, 12) to (10, 13) 
Avatar 0 moved from (17, 9) to (17, 8) 
Avatar 0 moved from (17, 8) to (18, 8) 
Avatar 1 moved from (17, 4) to (16, 4) 
Avatar 2 moved from (10, 13) to (11, 13) 
Avatar 0 moved from (18, 8) to (18, 9) 
Avatar 1 moved from (16, 4) to (16, 3) 
Avatar 2 moved from (11, 13) to (12, 13) 
Avatar 0 moved from (18, 9) to (19, 9) 
Avatar 1 moved from (16, 3) to (15, 3) 
Avatar 0 moved from (19, 9) to (19, 10) 
Avatar 2 moved from (12, 13) to (12, 12) 
Avatar 0 moved from (19, 10) to (18, 10) 
Avatar 2 moved from (12, 12) to (13, 12) 
Avatar 1 moved from (15, 3) to (15, 4) 
Avatar 2 moved from (13, 12) to (13, 13) 
Avatar 0 moved from (18, 10) to (17, 10) 
Avatar 1 moved from (15, 4) to (14, 4) 
Avatar 2 moved from (13, 13) to (13, 14) 
Avatar 1 moved from (14, 4) to (14, 5) 
Avatar 0 moved from (17, 10) to (18, 10) 
Avatar 2 moved from (13, 14) to (14, 14) 
Avatar 1 moved from (14, 5) to (14, 6) 
Avatar 2 moved from (14, 14) to (14, 15) 
Avatar 0 moved from (18, 10) to (19, 10) 
Avatar 0 moved from (19, 10) to (19, 11) 
Avatar 1 moved from (14, 6) to (14, 7) 
Avatar 2 moved from (14, 15) to (14, 16) 
Avatar 2 moved from (14, 16) to (13, 16) 
Avatar 0 moved from (19, 11) to (19, 12) 
Avatar 1 moved from (14, 7) to (14, 8) 
Avatar 1 moved from (14, 8) to (13, 8) 
Avatar 2 moved from (13, 16) to (12, 16) 
Avatar 1 moved from (13, 8) to (12, 8) 
Avatar 2 moved from (12, 16) to (11, 16) 
Avatar 0 moved from (19, 12) to (19, 11) 
Avatar 0 moved from (19, 11) to (19, 10) 
Avatar 1 moved from (12, 8) to (12, 9) 
Avatar 2 moved from (11, 16) to (11, 17) 
Avatar 0 moved from (19, 10) to (19, 9) 
Avatar 1 moved from (12, 9) to (13, 9) 
Avatar 2 moved from (11, 17) to (12, 17) 
Avatar 0 moved from (19, 9) to (19, 8) 
Avatar 1 moved from (13, 9) to (13, 10) 
Avatar 1 moved from (13, 10) to (12, 10) 
Avatar 2 moved from (12, 17) to (13, 17) 
Avatar 0 moved from (19, 8) to (19, 7) 
Avatar 2 moved from (13, 17) to (13, 18) 
Avatar 1 moved from (12, 10) to (12, 11) 
Avatar 0 moved from (19, 7) to (18, 7) 
Avatar 1 moved from (12, 11) to (11, 11) 
Avatar 2 moved from (13, 18) to (14, 18) 
Avatar 2 moved from (14, 18) to (14, 19) 
Avatar 0 moved from (18, 7) to (17, 7) 
Avatar 1 moved from (11, 11) to (10, 11) 
Avatar 2 moved from (14, 19) to (13, 19) 
Avatar 0 moved from (17, 7) to (17, 6) 
Avatar 1 moved from (10, 11) to (10, 10) 
Avatar 2 moved from (13, 19) to (12, 19) 
Avatar 0 moved from (17, 6) to (16, 6) 
Avatar 2 moved from (12, 19) to (11, 19) 
Avatar 2 moved from (11, 19) to (10, 19) 
Avatar 0 moved from (16, 6) to (16, 7) 
Avatar 2 moved from (10, 19) to (10, 18) 
Avatar 0 moved from (16, 7) to (15, 7) 
Avatar 2 moved from (10, 18) to (11, 18) 
Avatar 0 moved from (15, 7) to (15, 6) 
Avatar 2 moved from (11, 18) to (12, 18) 
Avatar 0 moved from (15, 6) to (15, 5) 
Avatar 0 moved from (15, 5) to (15, 4) 
Avatar 2 moved from (12, 18) to (11, 18) 
Avatar 0 moved from (15, 4) to (15, 3) 
Avatar 0 moved from (15, 3) to (16, 3) 
Avatar 2 moved from (11, 18) to (10, 18) 
Avatar 0 moved from (16, 3) to (16, 4) 
Avatar 2 moved from (10, 18) to (9, 18) 
Avatar 0 moved from (16, 4) to (17, 4) 
Avatar 0 moved from (17, 4) to (17, 5) 
Avatar 2 moved from (9, 18) to (9, 19) 
Avatar 0 moved from (17, 5) to (16, 5) 
Avatar 2 moved from (9, 19) to (8, 19) 
Avatar 2 moved from (8, 19) to (8, 18) 
Avatar 2 moved from (8, 18) to (8, 17) 
Avatar 0 moved from (16, 5) to (17, 5) 
Avatar 2 moved from (8, 17) to (9, 17) 
Avatar 0 moved from (17, 5) to (18, 5) 
Avatar 0 moved from (18, 5) to (18, 6) 
Avatar 2 moved from (9, 17) to (9, 16) 
Avatar 2 moved from (9, 16) to (9, 15) 
Avatar 0 moved from (18, 6) to (19, 6) 
Avatar 2 moved from (9, 15) to (9, 14) 
Avatar 2 moved from (9, 14) to (10, 14) 
Avatar 0 moved from (19, 6) to (19, 5) 
Avatar 2 moved from (10, 14) to (10, 15) 
Avatar 0 moved from (19, 5) to (19, 4) 
Avatar 2 moved from (10, 15) to (10, 16) 
Avatar 2 moved from (10, 16) to (10, 17) 
Avatar 0 moved from (19, 4) to (18, 4) 
Avatar 0 moved from (18, 4) to (18, 3) 
Avatar 0 moved from (18, 3) to (18, 2) 
Avatar 2 moved from (10, 17) to (10, 16) 
Avatar 2 moved from (10, 16) to (10, 15) 
Avatar 0 moved from (18, 2) to (17, 2) 
Avatar 2 moved from (10, 15) to (11, 15) 
Avatar 0 moved from (17, 2) to (16, 2) 
Avatar 2 moved from (11, 15) to (12, 15) 
Avatar 0 moved from (16, 2) to (16, 1) 
Avatar 0 moved from (16, 1) to (17, 1) 
Avatar 2 moved from (12, 15) to (13, 15) 
Avatar 0 moved from (17, 1) to (18, 1) 
Avatar 2 moved from (13, 15) to (12, 15) 
Avatar 0 moved from (18, 1) to (18, 0) 
Avatar 2 moved from (12, 15) to (12, 14) 
Avatar 0 moved from (18, 0) to (19, 0) 
Avatar 0 moved from (19, 0) to (19, 1) 
Avatar 2 moved from (12, 14) to (11, 14) 
Avatar 0 moved from (19, 1) to (19, 2) 
Avatar 0 moved from (19, 2) to (19, 3) 
Avatar 2 moved from (11, 14) to (12, 14) 
Avatar 2 moved from (12, 14) to (12, 15) 
Avatar 2 moved from (12, 15) to (11, 15) 
Avatar 0 moved from (19, 3) to (19, 2) 
Avatar 2 moved from (11, 15) to (10, 15) 
Avatar 0 moved from (19, 2) to (19, 1) 
Avatar 2 moved from (10, 15) to (10, 14) 
Avatar 0 moved from (19, 1) to (19, 0) 
Avatar 2 moved from (10, 14) to (9, 14) 
Avatar 2 moved from (9, 14) to (9, 13) 
Avatar 0 moved from (19, 0) to (18, 0) 
Avatar 0 moved from (18, 0) to (17, 0) 
Avatar 2 moved from (9, 13) to (8, 13) 
Avatar 2 moved from (8, 13) to (8, 12) 
Avatar 0 moved from (17, 0) to (16, 0) 
Avatar 0 moved from (16, 0) to (15, 0) 
Avatar 2 moved from (8, 12) to (8, 13) 
Avatar 0 moved from (15, 0) to (15, 1) 
Avatar 2 moved from (8, 13) to (8, 14) 
Avatar 0 moved from (15, 1) to (15, 2) 
Avatar 2 moved from (8, 14) to (8, 13) 
Avatar 2 moved from (8, 13) to (9, 13) 
Avatar 0 moved from (15, 2) to (15, 1) 
Avatar 2 moved from (9, 13) to (9, 14) 
Avatar 0 moved from (15, 1) to (15, 0) 
Avatar 2 moved from (9, 14) to (9, 15) 
Avatar 0 moved from (15, 0) to (16, 0) 
Avatar 2 moved from (9, 15) to (9, 16) 
Avatar 0 moved from (16, 0) to (17, 0) 
Avatar 2 moved from (9, 16) to (9, 17) 
Avatar 0 moved from (17, 0) to (18, 0) 
Avatar 2 moved from (9, 17) to (8, 17) 
Avatar 0 moved from (18, 0) to (18, 1) 
Avatar 0 moved from (18, 1) to (17, 1) 
Avatar 2 moved from (8, 17) to (7, 17) 
Avatar 0 moved from (17, 1) to (16, 1) 
Avatar 2 moved from (7, 17) to (7, 18) 
Avatar 0 moved from (16, 1) to (16, 2) 
Avatar 2 moved from (7, 18) to (7, 19) 
Avatar 2 moved from (7, 19) to (6, 19) 
Avatar 2 moved from (6, 19) to (6, 18) 
Avatar 0 moved from (16, 2) to (17, 2) 
Avatar 0 moved from (17, 2) to (17, 3) 
Avatar 2 moved from (6, 18) to (6, 17) 
Avatar 0 moved from (17, 3) to (17, 2) 
Avatar 2 moved from (6, 17) to (6, 18) 
Avatar 0 moved from (17, 2) to (18, 2) 
Avatar 2 moved from (6, 18) to (5, 18) 
Avatar 0 moved from (18, 2) to (18, 3) 
Avatar 2 moved from (5, 18) to (4, 18) 
Avatar 0 moved from (18, 3) to (18, 4) 
Avatar 2 moved from (4, 18) to (4, 19) 
Avatar 0 moved from (18, 4) to (19, 4) 
Avatar 0 moved from (19, 4) to (19, 5) 
Avatar 2 moved from (4, 19) to (5, 19) 
Avatar 0 moved from (19, 5) to (19, 6) 
Avatar 0 moved from (19, 6) to (18, 6) 
Avatar 0 moved from (18, 6) to (18, 5) 
Avatar 2 moved from (5, 19) to (4, 19) 
Avatar 2 moved from (4, 19) to (4, 18) 
Avatar 0 moved from (18, 5) to (17, 5) 
Avatar 2 moved from (4, 18) to (5, 18) 
Avatar 0 moved from (17, 5) to (17, 4) 
Avatar 2 moved from (5, 18) to (6, 18) 
Avatar 2 moved from (6, 18) to (6, 19) 
Avatar 0 moved from (17, 4) to (16, 4) 
Avatar 0 moved from (16, 4) to (16, 3) 
Avatar 2 moved from (6, 19) to (7, 19) 
Avatar 0 moved from (16, 3) to (15, 3) 
Avatar 2 moved from (7, 19) to (7, 18) 
Avatar 0 moved from (15, 3) to (15, 4) 
Avatar 2 moved from (7, 18) to (7, 17) 
Avatar 0 moved from (15, 4) to (14, 4) 
Avatar 2 moved from (7, 17) to (8, 17) 
Avatar 2 moved from (8, 17) to (8, 18) 
Avatar 0 moved from (14, 4) to (14, 5) 
Avatar 2 moved from (8, 18) to (8, 19) 
Avatar 0 moved from (14, 5) to (14, 6) 
Avatar 2 moved from (8, 19) to (9, 19) 
Avatar 0 moved from (14, 6) to (14, 7) 
Avatar 0 moved from (14, 7) to (14, 8) 
Avatar 2 moved from (9, 19) to (9, 18) 
Avatar 0 moved from (14, 8) to (13, 8) 
Avatar 2 moved from (9, 18) to (10, 18) 
Avatar 2 moved from (10, 18) to (10, 19) 
Avatar 0 moved from (13, 8) to (12, 8) 
Avatar 2 moved from (10, 19) to (11, 19) 
Avatar 0 moved from (12, 8) to (12, 9) 
Avatar 2 moved from (11, 19) to (12, 19) 
Avatar 0 moved from (12, 9) to (13, 9) 
Avatar 2 moved from (12, 19) to (13, 19) 
Avatar 0 moved from (13, 9) to (13, 10) 
Avatar 0 moved from (13, 10) to (12, 10) 
Avatar 2 moved from (13, 19) to (14, 19) 
Avatar 2 moved from (14, 19) to (15, 19) 
Avatar 0 moved from (12, 10) to (12, 11) 
Avatar 0 moved from (12, 11) to (11, 11) 
Avatar 2 moved from (15, 19) to (15, 18) 
Avatar 0 moved from (11, 11) to (10, 11) 
Avatar 0 moved from (10, 11) to (10, 10) 
Avatar 2 moved from (15, 18) to (15, 17) 
Avatar 2 moved from (15, 17) to (15, 16) 
Avatar 2 moved from (15, 16) to (16, 16) 
Avatar 2 moved from (16, 16) to (16, 15) 
Avatar 2 moved from (16, 15) to (15, 15) 
Avatar 2 moved from (15, 15) to (15, 14) 
Avatar 2 moved from (15, 14) to (16, 14) 
Avatar 2 moved from (16, 14) to (16, 13) 
Avatar 2 moved from (16, 13) to (16, 12) 
Avatar 2 moved from (16, 12) to (17, 12) 
Avatar 2 moved from (17, 12) to (17, 13) 
Avatar 2 moved from (17, 13) to (17, 14) 
Avatar 2 moved from (17, 14) to (18, 14) 
Avatar 2 moved from (18, 14) to (18, 15) 
Avatar 2 moved from (18, 15) to (17, 15) 
Avatar 2 moved from (17, 15) to (17, 16) 
Avatar 2 moved from (17, 16) to (18, 16) 
Avatar 2 moved from (18, 16) to (18, 17) 
Avatar 2 moved from (18, 17) to (18, 18) 
Avatar 2 moved from (18, 18) to (17, 18) 
Avatar 2 moved from (17, 18) to (17, 19) 
Avatar 2 moved from (17, 19) to (16, 19) 
Avatar 2 moved from (16, 19) to (16, 18) 
Avatar 2 moved from (16, 18) to (16, 17) 
Avatar 2 moved from (16, 17) to (17, 17) 
Avatar 2 moved from (17, 17) to (16, 17) 
Avatar 2 moved from (16, 17) to (16, 18) 
Avatar 2 moved from (16, 18) to (16, 19) 
Avatar 2 moved from (16, 19) to (17, 19) 
Avatar 2 moved from (17, 19) to (18, 19) 
Avatar 2 moved from (18, 19) to (19, 19) 
Avatar 2 moved from (19, 19) to (19, 18) 
Avatar 2 moved from (19, 18) to (19, 17) 
Avatar 2 moved from (19, 17) to (19, 16) 
Avatar 2 moved from (19, 16) to (19, 15) 
Avatar 2 moved from (19, 15) to (19, 14) 
Avatar 2 moved from (19, 14) to (19, 13) 
Avatar 2 moved from (19, 13) to (18, 13) 
Avatar 2 moved from (18, 13) to (18, 12) 
Avatar 2 moved from (18, 12) to (18, 11) 
Avatar 2 moved from (18, 11) to (17, 11) 
Avatar 2 moved from (17, 11) to (16, 11) 
Avatar 2 moved from (16, 11) to (16, 10) 
Avatar 2 moved from (16, 10) to (15, 10) 
Avatar 2 moved from (15, 10) to (14, 10) 
Avatar 2 moved from (14, 10) to (14, 9) 
Avatar 2 moved from (14, 9) to (15, 9) 
Avatar 2 moved from (15, 9) to (15, 8) 
Avatar 2 moved from (15, 8) to (16, 8) 
Avatar 2 moved from (16, 8) to (16, 9) 
Avatar 2 moved from (16, 9) to (17, 9) 
Avatar 2 moved from (17, 9) to (17, 8) 
Avatar 2 moved from (17, 8) to (18, 8) 
Avatar 2 moved from (18, 8) to (18, 9) 
Avatar 2 moved from (18, 9) to (19, 9) 
Avatar 2 moved from (19, 9) to (19, 10) 
Avatar 2 moved from (19, 10) to (18, 10) 
Avatar 2 moved from (18, 10) to (17, 10) 
Avatar 2 moved from (17, 10) to (18, 10) 
Avatar 2 moved from (18, 10) to (19, 10) 
Avatar 2 moved from (19, 10) to (19, 11) 
Avatar 2 moved from (19, 11) to (19, 12) 
Avatar 2 moved from (19, 12) to (19, 11) 
Avatar 2 moved from (19, 11) to (19, 10) 
Avatar 2 moved from (19, 10) to (19, 9) 
Avatar 2 moved from (19, 9) to (19, 8) 
Avatar 2 moved from (19, 8) to (19, 7) 
Avatar 2 moved from (19, 7) to (18, 7) 
Avatar 2 moved from (18, 7) to (17, 7) 
Avatar 2 moved from (17, 7) to (17, 6) 
Avatar 2 moved from (17, 6) to (16, 6) 
Avatar 2 moved from (16, 6) to (16, 7) 
Avatar 2 moved from (16, 7) to (15, 7) 
Avatar 2 moved from (15, 7) to (15, 6) 
Avatar 2 moved from (15, 6) to (15, 5) 
Avatar 2 moved from (15, 5) to (15, 4) 
Avatar 2 moved from (15, 4) to (15, 3) 
Avatar 2 moved from (15, 3) to (16, 3) 
Avatar 2 moved from (16, 3) to (16, 4) 
Avatar 2 moved from (16, 4) to (17, 4) 
Avatar 2 moved from (17, 4) to (17, 5) 
Avatar 2 moved from (17, 5) to (16, 5) 
Avatar 2 moved from (16, 5) to (17, 5) 
Avatar 2 moved from (17, 5) to (18, 5) 
Avatar 2 moved from (18, 5) to (18, 6) 
Avatar 2 moved from (18, 6) to (19, 6) 
Avatar 2 moved from (19, 6) to (19, 5) 
Avatar 2 moved from (19, 5) to (19, 4) 
Avatar 2 moved from (19, 4) to (18, 4) 
Avatar 2 moved from (18, 4) to (18, 3) 
Avatar 2 moved from (18, 3) to (18, 2) 
Avatar 2 moved from (18, 2) to (17, 2) 
Avatar 2 moved from (17, 2) to (16, 2) 
Avatar 2 moved from (16, 2) to (16, 1) 
Avatar 2 moved from (16, 1) to (17, 1) 
Avatar 2 moved from (17, 1) to (18, 1) 
Avatar 2 moved from (18, 1) to (18, 0) 
Avatar 2 moved from (18, 0) to (19, 0) 
Avatar 2 moved from (19, 0) to (19, 1) 
Avatar 2 moved from (19, 1) to (19, 2) 
Avatar 2 moved from (19, 2) to (19, 3) 
Avatar 2 moved from (19, 3) to (19, 2) 
Avatar 2 moved from (19, 2) to (19, 1) 
Avatar 2 moved from (19, 1) to (19, 0) 
Avatar 2 moved from (19, 0) to (18, 0) 
Avatar 2 moved from (18, 0) to (17, 0) 
Avatar 2 moved from (17, 0) to (16, 0) 
Avatar 2 moved from (16, 0) to (15, 0) 
Avatar 2 moved from (15, 0) to (15, 1) 
Avatar 2 moved from (15, 1) to (15, 2) 
Avatar 2 moved from (15, 2) to (15, 1) 
Avatar 2 moved from (15, 1) to (15, 0) 
Avatar 2 moved from (15, 0) to (16, 0) 
Avatar 2 moved from (16, 0) to (17, 0) 
Avatar 2 moved from (17, 0) to (18, 0) 
Avatar 2 moved from (18, 0) to (18, 1) 
Avatar 2 moved from (18, 1) to (17, 1) 
Avatar 2 moved from (17, 1) to (16, 1) 
Avatar 2 moved from (16, 1) to (16, 2) 
Avatar 2 moved from (16, 2) to (17, 2) 
Avatar 2 moved from (17, 2) to (17, 3) 
Avatar 2 moved from (17, 3) to (17, 2) 
Avatar 2 moved from (17, 2) to (18, 2) 
Avatar 2 moved from (18, 2) to (18, 3) 
Avatar 2 moved from (18, 3) to (18, 4) 
Avatar 2 moved from (18, 4) to (19, 4) 
Avatar 2 moved from (19, 4) to (19, 5) 
Avatar 2 moved from (19, 5) to (19, 6) 
Avatar 2 moved from (19, 6) to (18, 6) 
Avatar 2 moved from (18, 6) to (18, 5) 
Avatar 2 moved from (18, 5) to (17, 5) 
Avatar 2 moved from (17, 5) to (17, 4) 
Avatar 2 moved from (17, 4) to (16, 4) 
Avatar 2 moved from (16, 4) to (16, 3) 
Avatar 2 moved from (16, 3) to (15, 3) 
Avatar 2 moved from (15, 3) to (15, 4) 
Avatar 2 moved from (15, 4) to (14, 4) 
Avatar 2 moved from (14, 4) to (14, 5) 
Avatar 2 moved from (14, 5) to (14, 6) 
Avatar 2 moved from (14, 6) to (14, 7) 
Avatar 2 moved from (14, 7) to (14, 8) 
Avatar 2 moved from (14, 8) to (13, 8) 
Avatar 2 moved from (13, 8) to (12, 8) 
Avatar 2 moved from (12, 8) to (12, 9) 
Avatar 2 moved from (12, 9) to (13, 9) 
Avatar 2 moved from (13, 9) to (13, 10) 
Avatar 2 moved from (13, 10) to (12, 10) 
Avatar 2 moved from (12, 10) to (12, 11) 
Avatar 2 moved from (12, 11) to (11, 11) 
Avatar 2 moved from (11, 11) to (10, 11) 
Maze Solved!!! 
Maze Solved!!! 
Maze Solved!!! 
