Group 16 
Time and data: Thu Mar  8 21:46:43 2018

Avatar 0 moved from (2, 1) to (2, 0) 
Avatar 0 moved from (2, 0) to (3, 0) 
Avatar 1 moved from (4, 4) to (3, 4) 
Avatar 0 moved from (3, 0) to (4, 0) 
Avatar 1 moved from (3, 4) to (2, 4) 
Avatar 0 moved from (4, 0) to (4, 1) 
Avatar 1 moved from (2, 4) to (2, 3) 
Avatar 1 moved from (2, 3) to (3, 3) 
Avatar 1 moved from (3, 3) to (4, 3) 
Avatar 0 moved from (4, 1) to (4, 0) 
Avatar 1 moved from (4, 3) to (4, 2) 
Avatar 0 moved from (4, 0) to (3, 0) 
Avatar 0 moved from (3, 0) to (2, 0) 
Avatar 1 moved from (4, 2) to (3, 2) 
Avatar 1 moved from (3, 2) to (3, 1) 
Avatar 0 moved from (2, 0) to (1, 0) 
Avatar 0 moved from (1, 0) to (1, 1) 
Avatar 1 moved from (3, 1) to (3, 2) 
Avatar 0 moved from (1, 1) to (0, 1) 
Avatar 0 moved from (0, 1) to (0, 0) 
Avatar 1 moved from (3, 2) to (4, 2) 
Avatar 1 moved from (4, 2) to (4, 3) 
Avatar 1 moved from (4, 3) to (3, 3) 
Avatar 0 moved from (0, 0) to (0, 1) 
Avatar 1 moved from (3, 3) to (2, 3) 
Avatar 0 moved from (0, 1) to (1, 1) 
Avatar 1 moved from (2, 3) to (2, 4) 
Avatar 1 moved from (2, 4) to (1, 4) 
Avatar 0 moved from (1, 1) to (1, 0) 
Avatar 1 moved from (1, 4) to (1, 3) 
Avatar 0 moved from (1, 0) to (2, 0) 
Avatar 0 moved from (2, 0) to (2, 1) 
Avatar 1 moved from (1, 3) to (0, 3) 
Avatar 0 moved from (2, 1) to (2, 2) 
Avatar 1 moved from (0, 3) to (0, 2) 
Avatar 1 moved from (0, 2) to (1, 2) 
Maze Solved!!! 
Maze Solved!!! 
