Group 16 
Time and data: Thu Mar  8 21:48:17 2018

Avatar 0 moved from (1, 15) to (0, 15) 
Avatar 1 moved from (19, 2) to (18, 2) 
Avatar 0 moved from (0, 15) to (0, 14) 
Avatar 1 moved from (18, 2) to (18, 1) 
Avatar 0 moved from (0, 14) to (0, 13) 
Avatar 1 moved from (18, 1) to (18, 0) 
Avatar 1 moved from (18, 0) to (19, 0) 
Avatar 1 moved from (19, 0) to (20, 0) 
Avatar 0 moved from (0, 13) to (0, 14) 
Avatar 1 moved from (20, 0) to (20, 1) 
Avatar 1 moved from (20, 1) to (19, 1) 
Avatar 0 moved from (0, 14) to (0, 15) 
Avatar 0 moved from (0, 15) to (0, 16) 
Avatar 1 moved from (19, 1) to (20, 1) 
Avatar 0 moved from (0, 16) to (0, 17) 
Avatar 1 moved from (20, 1) to (20, 2) 
Avatar 0 moved from (0, 17) to (0, 18) 
Avatar 1 moved from (20, 2) to (21, 2) 
Avatar 0 moved from (0, 18) to (1, 18) 
Avatar 1 moved from (21, 2) to (22, 2) 
Avatar 0 moved from (1, 18) to (1, 19) 
Avatar 0 moved from (1, 19) to (0, 19) 
Avatar 1 moved from (22, 2) to (22, 1) 
Avatar 1 moved from (22, 1) to (23, 1) 
Avatar 0 moved from (0, 19) to (0, 20) 
Avatar 1 moved from (23, 1) to (24, 1) 
Avatar 0 moved from (0, 20) to (0, 21) 
Avatar 1 moved from (24, 1) to (24, 2) 
Avatar 1 moved from (24, 2) to (23, 2) 
Avatar 0 moved from (0, 21) to (1, 21) 
Avatar 0 moved from (1, 21) to (1, 22) 
Avatar 1 moved from (23, 2) to (23, 3) 
Avatar 1 moved from (23, 3) to (22, 3) 
Avatar 0 moved from (1, 22) to (1, 23) 
Avatar 0 moved from (1, 23) to (1, 24) 
Avatar 1 moved from (22, 3) to (22, 4) 
Avatar 0 moved from (1, 24) to (0, 24) 
Avatar 0 moved from (0, 24) to (0, 23) 
Avatar 1 moved from (22, 4) to (23, 4) 
Avatar 0 moved from (0, 23) to (0, 22) 
Avatar 1 moved from (23, 4) to (23, 5) 
Avatar 1 moved from (23, 5) to (22, 5) 
Avatar 0 moved from (0, 22) to (0, 23) 
Avatar 1 moved from (22, 5) to (22, 6) 
Avatar 0 moved from (0, 23) to (0, 24) 
Avatar 1 moved from (22, 6) to (23, 6) 
Avatar 0 moved from (0, 24) to (1, 24) 
Avatar 1 moved from (23, 6) to (24, 6) 
Avatar 1 moved from (24, 6) to (24, 7) 
Avatar 0 moved from (1, 24) to (2, 24) 
Avatar 1 moved from (24, 7) to (24, 8) 
Avatar 0 moved from (2, 24) to (3, 24) 
Avatar 1 moved from (24, 8) to (24, 9) 
Avatar 0 moved from (3, 24) to (4, 24) 
Avatar 1 moved from (24, 9) to (23, 9) 
Avatar 1 moved from (23, 9) to (23, 8) 
Avatar 0 moved from (4, 24) to (5, 24) 
Avatar 1 moved from (23, 8) to (23, 7) 
Avatar 0 moved from (5, 24) to (4, 24) 
Avatar 1 moved from (23, 7) to (22, 7) 
Avatar 0 moved from (4, 24) to (3, 24) 
Avatar 1 moved from (22, 7) to (21, 7) 
Avatar 1 moved from (21, 7) to (21, 6) 
Avatar 0 moved from (3, 24) to (2, 24) 
Avatar 0 moved from (2, 24) to (2, 23) 
Avatar 1 moved from (21, 6) to (21, 5) 
Avatar 1 moved from (21, 5) to (21, 4) 
Avatar 0 moved from (2, 23) to (2, 24) 
Avatar 1 moved from (21, 4) to (21, 3) 
Avatar 0 moved from (2, 24) to (1, 24) 
Avatar 0 moved from (1, 24) to (1, 23) 
Avatar 0 moved from (1, 23) to (1, 22) 
Avatar 1 moved from (21, 3) to (21, 4) 
Avatar 0 moved from (1, 22) to (1, 21) 
Avatar 1 moved from (21, 4) to (21, 5) 
Avatar 1 moved from (21, 5) to (21, 6) 
Avatar 0 moved from (1, 21) to (0, 21) 
Avatar 0 moved from (0, 21) to (0, 20) 
Avatar 1 moved from (21, 6) to (21, 7) 
Avatar 0 moved from (0, 20) to (1, 20) 
Avatar 1 moved from (21, 7) to (20, 7) 
Avatar 0 moved from (1, 20) to (2, 20) 
Avatar 0 moved from (2, 20) to (2, 21) 
Avatar 1 moved from (20, 7) to (21, 7) 
Avatar 0 moved from (2, 21) to (2, 22) 
Avatar 1 moved from (21, 7) to (21, 8) 
Avatar 1 moved from (21, 8) to (21, 9) 
Avatar 0 moved from (2, 22) to (3, 22) 
Avatar 0 moved from (3, 22) to (3, 23) 
Avatar 1 moved from (21, 9) to (22, 9) 
Avatar 1 moved from (22, 9) to (22, 10) 
Avatar 0 moved from (3, 23) to (4, 23) 
Avatar 1 moved from (22, 10) to (21, 10) 
Avatar 0 moved from (4, 23) to (5, 23) 
Avatar 1 moved from (21, 10) to (21, 11) 
Avatar 0 moved from (5, 23) to (6, 23) 
Avatar 0 moved from (6, 23) to (6, 24) 
Avatar 1 moved from (21, 11) to (22, 11) 
Avatar 0 moved from (6, 24) to (7, 24) 
Avatar 1 moved from (22, 11) to (23, 11) 
Avatar 0 moved from (7, 24) to (8, 24) 
Avatar 1 moved from (23, 11) to (23, 10) 
Avatar 0 moved from (8, 24) to (9, 24) 
Avatar 1 moved from (23, 10) to (24, 10) 
Avatar 1 moved from (24, 10) to (24, 11) 
Avatar 0 moved from (9, 24) to (10, 24) 
Avatar 1 moved from (24, 11) to (24, 12) 
Avatar 0 moved from (10, 24) to (10, 23) 
Avatar 1 moved from (24, 12) to (24, 13) 
Avatar 0 moved from (10, 23) to (11, 23) 
Avatar 1 moved from (24, 13) to (23, 13) 
Avatar 0 moved from (11, 23) to (11, 24) 
Avatar 1 moved from (23, 13) to (22, 13) 
Avatar 1 moved from (22, 13) to (22, 12) 
Avatar 0 moved from (11, 24) to (12, 24) 
Avatar 1 moved from (22, 12) to (23, 12) 
Avatar 0 moved from (12, 24) to (12, 23) 
Avatar 0 moved from (12, 23) to (13, 23) 
Avatar 1 moved from (23, 12) to (22, 12) 
Avatar 0 moved from (13, 23) to (13, 24) 
Avatar 1 moved from (22, 12) to (22, 13) 
Avatar 0 moved from (13, 24) to (14, 24) 
Avatar 0 moved from (14, 24) to (15, 24) 
Avatar 1 moved from (22, 13) to (23, 13) 
Avatar 1 moved from (23, 13) to (24, 13) 
Avatar 0 moved from (15, 24) to (15, 23) 
Avatar 0 moved from (15, 23) to (16, 23) 
Avatar 0 moved from (16, 23) to (16, 24) 
Avatar 1 moved from (24, 13) to (24, 12) 
Avatar 1 moved from (24, 12) to (24, 11) 
Avatar 0 moved from (16, 24) to (17, 24) 
Avatar 1 moved from (24, 11) to (24, 10) 
Avatar 0 moved from (17, 24) to (18, 24) 
Avatar 0 moved from (18, 24) to (19, 24) 
Avatar 1 moved from (24, 10) to (23, 10) 
Avatar 0 moved from (19, 24) to (19, 23) 
Avatar 1 moved from (23, 10) to (23, 11) 
Avatar 1 moved from (23, 11) to (22, 11) 
Avatar 0 moved from (19, 23) to (18, 23) 
Avatar 1 moved from (22, 11) to (21, 11) 
Avatar 1 moved from (21, 11) to (21, 10) 
Avatar 0 moved from (18, 23) to (17, 23) 
Avatar 1 moved from (21, 10) to (22, 10) 
Avatar 0 moved from (17, 23) to (17, 22) 
Avatar 0 moved from (17, 22) to (17, 21) 
Avatar 1 moved from (22, 10) to (22, 9) 
Avatar 0 moved from (17, 21) to (17, 20) 
Avatar 1 moved from (22, 9) to (22, 8) 
Avatar 0 moved from (17, 20) to (16, 20) 
Avatar 1 moved from (22, 8) to (22, 9) 
Avatar 1 moved from (22, 9) to (21, 9) 
Avatar 0 moved from (16, 20) to (16, 21) 
Avatar 1 moved from (21, 9) to (21, 8) 
Avatar 0 moved from (16, 21) to (15, 21) 
Avatar 1 moved from (21, 8) to (21, 7) 
Avatar 1 moved from (21, 7) to (22, 7) 
Avatar 0 moved from (15, 21) to (15, 22) 
Avatar 0 moved from (15, 22) to (14, 22) 
Avatar 1 moved from (22, 7) to (23, 7) 
Avatar 1 moved from (23, 7) to (23, 8) 
Avatar 0 moved from (14, 22) to (13, 22) 
Avatar 0 moved from (13, 22) to (13, 21) 
Avatar 1 moved from (23, 8) to (23, 9) 
Avatar 0 moved from (13, 21) to (14, 21) 
Avatar 1 moved from (23, 9) to (24, 9) 
Avatar 0 moved from (14, 21) to (14, 20) 
Avatar 0 moved from (14, 20) to (15, 20) 
Avatar 1 moved from (24, 9) to (24, 8) 
Avatar 0 moved from (15, 20) to (15, 19) 
Avatar 1 moved from (24, 8) to (24, 7) 
Avatar 0 moved from (15, 19) to (15, 18) 
Avatar 1 moved from (24, 7) to (24, 6) 
Avatar 0 moved from (15, 18) to (15, 17) 
Avatar 1 moved from (24, 6) to (24, 5) 
Avatar 0 moved from (15, 17) to (15, 16) 
Avatar 1 moved from (24, 5) to (24, 4) 
Avatar 1 moved from (24, 4) to (24, 3) 
Avatar 0 moved from (15, 16) to (14, 16) 
Avatar 0 moved from (14, 16) to (14, 15) 
Avatar 1 moved from (24, 3) to (24, 4) 
Avatar 0 moved from (14, 15) to (13, 15) 
Avatar 0 moved from (13, 15) to (13, 14) 
Avatar 1 moved from (24, 4) to (24, 5) 
Avatar 0 moved from (13, 14) to (13, 13) 
Avatar 1 moved from (24, 5) to (24, 6) 
Avatar 1 moved from (24, 6) to (23, 6) 
Avatar 0 moved from (13, 13) to (12, 13) 
Avatar 1 moved from (23, 6) to (22, 6) 
Avatar 1 moved from (22, 6) to (22, 5) 
Avatar 0 moved from (12, 13) to (11, 13) 
Avatar 1 moved from (22, 5) to (23, 5) 
Avatar 0 moved from (11, 13) to (10, 13) 
Avatar 1 moved from (23, 5) to (23, 4) 
Avatar 0 moved from (10, 13) to (10, 14) 
Avatar 0 moved from (10, 14) to (9, 14) 
Avatar 1 moved from (23, 4) to (22, 4) 
Avatar 1 moved from (22, 4) to (22, 3) 
Avatar 1 moved from (22, 3) to (23, 3) 
Avatar 0 moved from (9, 14) to (9, 15) 
Avatar 1 moved from (23, 3) to (23, 2) 
Avatar 0 moved from (9, 15) to (10, 15) 
Avatar 1 moved from (23, 2) to (24, 2) 
Avatar 0 moved from (10, 15) to (10, 16) 
Avatar 0 moved from (10, 16) to (9, 16) 
Avatar 1 moved from (24, 2) to (24, 1) 
Avatar 0 moved from (9, 16) to (9, 17) 
Avatar 1 moved from (24, 1) to (24, 0) 
Avatar 0 moved from (9, 17) to (9, 18) 
Avatar 1 moved from (24, 0) to (23, 0) 
Avatar 0 moved from (9, 18) to (10, 18) 
Avatar 1 moved from (23, 0) to (22, 0) 
Avatar 0 moved from (10, 18) to (10, 19) 
Avatar 1 moved from (22, 0) to (21, 0) 
Avatar 0 moved from (10, 19) to (11, 19) 
Avatar 0 moved from (11, 19) to (11, 20) 
Avatar 1 moved from (21, 0) to (21, 1) 
Avatar 0 moved from (11, 20) to (11, 21) 
Avatar 1 moved from (21, 1) to (21, 0) 
Avatar 0 moved from (11, 21) to (12, 21) 
Avatar 1 moved from (21, 0) to (22, 0) 
Avatar 0 moved from (12, 21) to (12, 22) 
Avatar 0 moved from (12, 22) to (11, 22) 
Avatar 1 moved from (22, 0) to (23, 0) 
Avatar 0 moved from (11, 22) to (10, 22) 
Avatar 1 moved from (23, 0) to (24, 0) 
Avatar 1 moved from (24, 0) to (24, 1) 
Avatar 0 moved from (10, 22) to (9, 22) 
Avatar 1 moved from (24, 1) to (23, 1) 
Avatar 0 moved from (9, 22) to (9, 21) 
Avatar 1 moved from (23, 1) to (22, 1) 
Avatar 0 moved from (9, 21) to (9, 20) 
Avatar 0 moved from (9, 20) to (10, 20) 
Avatar 0 moved from (10, 20) to (10, 21) 
Avatar 1 moved from (22, 1) to (22, 2) 
Avatar 1 moved from (22, 2) to (21, 2) 
Avatar 1 moved from (21, 2) to (20, 2) 
Avatar 0 moved from (10, 21) to (10, 20) 
Avatar 1 moved from (20, 2) to (20, 1) 
Avatar 1 moved from (20, 1) to (20, 0) 
Avatar 0 moved from (10, 20) to (9, 20) 
Avatar 0 moved from (9, 20) to (8, 20) 
Avatar 1 moved from (20, 0) to (19, 0) 
Avatar 0 moved from (8, 20) to (8, 19) 
Avatar 0 moved from (8, 19) to (9, 19) 
Avatar 1 moved from (19, 0) to (18, 0) 
Avatar 1 moved from (18, 0) to (17, 0) 
Avatar 0 moved from (9, 19) to (8, 19) 
Avatar 1 moved from (17, 0) to (16, 0) 
Avatar 0 moved from (8, 19) to (7, 19) 
Avatar 1 moved from (16, 0) to (15, 0) 
Avatar 0 moved from (7, 19) to (7, 18) 
Avatar 0 moved from (7, 18) to (8, 18) 
Avatar 1 moved from (15, 0) to (15, 1) 
Avatar 1 moved from (15, 1) to (14, 1) 
Avatar 0 moved from (8, 18) to (8, 17) 
Avatar 1 moved from (14, 1) to (13, 1) 
Avatar 0 moved from (8, 17) to (8, 16) 
Avatar 1 moved from (13, 1) to (12, 1) 
Avatar 1 moved from (12, 1) to (12, 0) 
Avatar 0 moved from (8, 16) to (7, 16) 
Avatar 1 moved from (12, 0) to (13, 0) 
Avatar 1 moved from (13, 0) to (14, 0) 
Avatar 0 moved from (7, 16) to (7, 17) 
Avatar 0 moved from (7, 17) to (6, 17) 
Avatar 0 moved from (6, 17) to (6, 16) 
Avatar 1 moved from (14, 0) to (13, 0) 
Avatar 0 moved from (6, 16) to (6, 15) 
Avatar 1 moved from (13, 0) to (12, 0) 
Avatar 0 moved from (6, 15) to (5, 15) 
Avatar 1 moved from (12, 0) to (11, 0) 
Avatar 0 moved from (5, 15) to (5, 14) 
Avatar 1 moved from (11, 0) to (10, 0) 
Avatar 0 moved from (5, 14) to (4, 14) 
Avatar 1 moved from (10, 0) to (9, 0) 
Avatar 0 moved from (4, 14) to (4, 15) 
Avatar 1 moved from (9, 0) to (10, 0) 
Avatar 0 moved from (4, 15) to (4, 16) 
Avatar 1 moved from (10, 0) to (11, 0) 
Avatar 1 moved from (11, 0) to (11, 1) 
Avatar 0 moved from (4, 16) to (5, 16) 
Avatar 0 moved from (5, 16) to (5, 17) 
Avatar 1 moved from (11, 1) to (11, 2) 
Avatar 0 moved from (5, 17) to (5, 18) 
Avatar 1 moved from (11, 2) to (12, 2) 
Avatar 0 moved from (5, 18) to (5, 19) 
Avatar 0 moved from (5, 19) to (4, 19) 
Avatar 1 moved from (12, 2) to (13, 2) 
Avatar 0 moved from (4, 19) to (4, 18) 
Avatar 1 moved from (13, 2) to (14, 2) 
Avatar 0 moved from (4, 18) to (4, 17) 
Avatar 0 moved from (4, 17) to (3, 17) 
Avatar 1 moved from (14, 2) to (13, 2) 
Avatar 0 moved from (3, 17) to (3, 16) 
Avatar 1 moved from (13, 2) to (12, 2) 
Avatar 0 moved from (3, 16) to (3, 15) 
Avatar 1 moved from (12, 2) to (11, 2) 
Avatar 0 moved from (3, 15) to (3, 14) 
Avatar 1 moved from (11, 2) to (11, 1) 
Avatar 0 moved from (3, 14) to (3, 13) 
Avatar 1 moved from (11, 1) to (11, 0) 
Avatar 0 moved from (3, 13) to (4, 13) 
Avatar 1 moved from (11, 0) to (12, 0) 
Avatar 1 moved from (12, 0) to (12, 1) 
Avatar 0 moved from (4, 13) to (4, 12) 
Avatar 1 moved from (12, 1) to (13, 1) 
Avatar 0 moved from (4, 12) to (3, 12) 
Avatar 1 moved from (13, 1) to (14, 1) 
Avatar 0 moved from (3, 12) to (2, 12) 
Avatar 1 moved from (14, 1) to (15, 1) 
Avatar 0 moved from (2, 12) to (2, 11) 
Avatar 0 moved from (2, 11) to (3, 11) 
Avatar 1 moved from (15, 1) to (16, 1) 
Avatar 0 moved from (3, 11) to (4, 11) 
Avatar 1 moved from (16, 1) to (17, 1) 
Avatar 0 moved from (4, 11) to (4, 10) 
Avatar 0 moved from (4, 10) to (5, 10) 
Avatar 1 moved from (17, 1) to (16, 1) 
Avatar 1 moved from (16, 1) to (15, 1) 
Avatar 0 moved from (5, 10) to (5, 9) 
Avatar 1 moved from (15, 1) to (15, 0) 
Avatar 0 moved from (5, 9) to (6, 9) 
Avatar 1 moved from (15, 0) to (16, 0) 
Avatar 0 moved from (6, 9) to (6, 10) 
Avatar 1 moved from (16, 0) to (17, 0) 
Avatar 0 moved from (6, 10) to (6, 11) 
Avatar 1 moved from (17, 0) to (18, 0) 
Avatar 0 moved from (6, 11) to (6, 12) 
Avatar 1 moved from (18, 0) to (18, 1) 
Avatar 1 moved from (18, 1) to (18, 2) 
Avatar 0 moved from (6, 12) to (7, 12) 
Avatar 0 moved from (7, 12) to (7, 13) 
Avatar 1 moved from (18, 2) to (18, 3) 
Avatar 0 moved from (7, 13) to (7, 14) 
Avatar 0 moved from (7, 14) to (6, 14) 
Avatar 0 moved from (6, 14) to (6, 13) 
Avatar 1 moved from (18, 3) to (18, 2) 
Avatar 1 moved from (18, 2) to (19, 2) 
Avatar 1 moved from (19, 2) to (19, 3) 
Avatar 0 moved from (6, 13) to (5, 13) 
Avatar 0 moved from (5, 13) to (5, 12) 
Avatar 1 moved from (19, 3) to (20, 3) 
Avatar 0 moved from (5, 12) to (5, 11) 
Avatar 1 moved from (20, 3) to (20, 4) 
Avatar 1 moved from (20, 4) to (19, 4) 
Avatar 0 moved from (5, 11) to (5, 12) 
Avatar 1 moved from (19, 4) to (19, 5) 
Avatar 0 moved from (5, 12) to (5, 13) 
Avatar 1 moved from (19, 5) to (20, 5) 
Avatar 1 moved from (20, 5) to (20, 6) 
Avatar 0 moved from (5, 13) to (6, 13) 
Avatar 1 moved from (20, 6) to (19, 6) 
Avatar 0 moved from (6, 13) to (6, 14) 
Avatar 1 moved from (19, 6) to (19, 7) 
Avatar 0 moved from (6, 14) to (7, 14) 
Avatar 1 moved from (19, 7) to (19, 8) 
Avatar 0 moved from (7, 14) to (8, 14) 
Avatar 0 moved from (8, 14) to (8, 15) 
Avatar 1 moved from (19, 8) to (19, 9) 
Avatar 0 moved from (8, 15) to (7, 15) 
Avatar 1 moved from (19, 9) to (18, 9) 
Avatar 1 moved from (18, 9) to (18, 8) 
Avatar 0 moved from (7, 15) to (8, 15) 
Avatar 1 moved from (18, 8) to (18, 9) 
Avatar 0 moved from (8, 15) to (8, 14) 
Avatar 1 moved from (18, 9) to (18, 10) 
Avatar 1 moved from (18, 10) to (17, 10) 
Avatar 0 moved from (8, 14) to (8, 13) 
Avatar 0 moved from (8, 13) to (9, 13) 
Avatar 1 moved from (17, 10) to (18, 10) 
Avatar 0 moved from (9, 13) to (9, 12) 
Avatar 1 moved from (18, 10) to (19, 10) 
Avatar 0 moved from (9, 12) to (9, 11) 
Avatar 0 moved from (9, 11) to (9, 10) 
Avatar 1 moved from (19, 10) to (18, 10) 
Avatar 0 moved from (9, 10) to (9, 9) 
Avatar 1 moved from (18, 10) to (18, 9) 
Avatar 0 moved from (9, 9) to (10, 9) 
Avatar 1 moved from (18, 9) to (19, 9) 
Avatar 0 moved from (10, 9) to (11, 9) 
Avatar 1 moved from (19, 9) to (19, 8) 
Avatar 1 moved from (19, 8) to (20, 8) 
Avatar 0 moved from (11, 9) to (11, 8) 
Avatar 1 moved from (20, 8) to (20, 9) 
Avatar 0 moved from (11, 8) to (12, 8) 
Avatar 0 moved from (12, 8) to (12, 9) 
Avatar 1 moved from (20, 9) to (20, 10) 
Avatar 0 moved from (12, 9) to (12, 10) 
Avatar 1 moved from (20, 10) to (20, 11) 
Avatar 1 moved from (20, 11) to (20, 12) 
Avatar 0 moved from (12, 10) to (13, 10) 
Avatar 0 moved from (13, 10) to (14, 10) 
Avatar 1 moved from (20, 12) to (21, 12) 
Avatar 1 moved from (21, 12) to (21, 13) 
Avatar 1 moved from (21, 13) to (20, 13) 
Avatar 0 moved from (14, 10) to (14, 9) 
Avatar 1 moved from (20, 13) to (19, 13) 
Avatar 0 moved from (14, 9) to (13, 9) 
Avatar 1 moved from (19, 13) to (18, 13) 
Avatar 0 moved from (13, 9) to (13, 8) 
Avatar 0 moved from (13, 8) to (14, 8) 
Avatar 1 moved from (18, 13) to (19, 13) 
Avatar 0 moved from (14, 8) to (14, 7) 
Avatar 1 moved from (19, 13) to (19, 14) 
Avatar 0 moved from (14, 7) to (15, 7) 
Avatar 1 moved from (19, 14) to (19, 15) 
Avatar 0 moved from (15, 7) to (15, 6) 
Avatar 1 moved from (19, 15) to (19, 14) 
Avatar 0 moved from (15, 6) to (14, 6) 
Avatar 0 moved from (14, 6) to (14, 5) 
Avatar 1 moved from (19, 14) to (19, 13) 
Avatar 1 moved from (19, 13) to (20, 13) 
Avatar 0 moved from (14, 5) to (14, 4) 
Avatar 1 moved from (20, 13) to (20, 14) 
Avatar 1 moved from (20, 14) to (20, 15) 
Avatar 0 moved from (14, 4) to (13, 4) 
Avatar 0 moved from (13, 4) to (13, 3) 
Avatar 1 moved from (20, 15) to (20, 16) 
Avatar 0 moved from (13, 3) to (14, 3) 
Avatar 1 moved from (20, 16) to (20, 17) 
Avatar 0 moved from (14, 3) to (15, 3) 
Avatar 1 moved from (20, 17) to (20, 18) 
Avatar 0 moved from (15, 3) to (15, 2) 
Avatar 1 moved from (20, 18) to (20, 19) 
Avatar 0 moved from (15, 2) to (16, 2) 
Avatar 0 moved from (16, 2) to (17, 2) 
Avatar 1 moved from (20, 19) to (21, 19) 
Avatar 0 moved from (17, 2) to (17, 3) 
Avatar 1 moved from (21, 19) to (22, 19) 
Avatar 0 moved from (17, 3) to (17, 4) 
Avatar 0 moved from (17, 4) to (18, 4) 
Avatar 1 moved from (22, 19) to (21, 19) 
Avatar 0 moved from (18, 4) to (18, 5) 
Avatar 1 moved from (21, 19) to (20, 19) 
Avatar 0 moved from (18, 5) to (18, 6) 
Avatar 1 moved from (20, 19) to (20, 18) 
Avatar 0 moved from (18, 6) to (18, 7) 
Avatar 1 moved from (20, 18) to (20, 17) 
Avatar 0 moved from (18, 7) to (17, 7) 
Avatar 1 moved from (20, 17) to (20, 16) 
Avatar 0 moved from (17, 7) to (16, 7) 
Avatar 1 moved from (20, 16) to (21, 16) 
Avatar 0 moved from (16, 7) to (16, 6) 
Avatar 1 moved from (21, 16) to (21, 17) 
Avatar 0 moved from (16, 6) to (17, 6) 
Avatar 1 moved from (21, 17) to (21, 18) 
Avatar 0 moved from (17, 6) to (17, 5) 
Avatar 1 moved from (21, 18) to (22, 18) 
Avatar 0 moved from (17, 5) to (16, 5) 
Avatar 1 moved from (22, 18) to (22, 17) 
Avatar 0 moved from (16, 5) to (15, 5) 
Avatar 0 moved from (15, 5) to (15, 4) 
Avatar 1 moved from (22, 17) to (22, 16) 
Avatar 0 moved from (15, 4) to (16, 4) 
Avatar 1 moved from (22, 16) to (22, 15) 
Avatar 0 moved from (16, 4) to (16, 3) 
Avatar 1 moved from (22, 15) to (22, 14) 
Avatar 1 moved from (22, 14) to (23, 14) 
Avatar 1 moved from (23, 14) to (24, 14) 
Avatar 0 moved from (16, 3) to (16, 4) 
Avatar 1 moved from (24, 14) to (24, 15) 
Avatar 0 moved from (16, 4) to (15, 4) 
Avatar 1 moved from (24, 15) to (23, 15) 
Avatar 0 moved from (15, 4) to (15, 5) 
Avatar 1 moved from (23, 15) to (23, 16) 
Avatar 1 moved from (23, 16) to (23, 17) 
Avatar 0 moved from (15, 5) to (16, 5) 
Avatar 1 moved from (23, 17) to (23, 18) 
Avatar 0 moved from (16, 5) to (17, 5) 
Avatar 0 moved from (17, 5) to (17, 6) 
Avatar 1 moved from (23, 18) to (23, 19) 
Avatar 0 moved from (17, 6) to (16, 6) 
Avatar 1 moved from (23, 19) to (23, 20) 
Avatar 1 moved from (23, 20) to (22, 20) 
Avatar 0 moved from (16, 6) to (16, 7) 
Avatar 1 moved from (22, 20) to (21, 20) 
Avatar 0 moved from (16, 7) to (16, 8) 
Avatar 1 moved from (21, 20) to (21, 21) 
Avatar 0 moved from (16, 8) to (17, 8) 
Avatar 0 moved from (17, 8) to (17, 9) 
Avatar 1 moved from (21, 21) to (21, 22) 
Avatar 0 moved from (17, 9) to (16, 9) 
Avatar 1 moved from (21, 22) to (20, 22) 
Avatar 1 moved from (20, 22) to (20, 21) 
Avatar 0 moved from (16, 9) to (16, 10) 
Avatar 1 moved from (20, 21) to (20, 20) 
Avatar 0 moved from (16, 10) to (16, 11) 
Avatar 1 moved from (20, 20) to (19, 20) 
Avatar 0 moved from (16, 11) to (17, 11) 
Avatar 1 moved from (19, 20) to (18, 20) 
Avatar 1 moved from (18, 20) to (18, 19) 
Avatar 0 moved from (17, 11) to (18, 11) 
Avatar 1 moved from (18, 19) to (19, 19) 
Avatar 0 moved from (18, 11) to (19, 11) 
Avatar 0 moved from (19, 11) to (19, 12) 
Avatar 1 moved from (19, 19) to (19, 18) 
Avatar 0 moved from (19, 12) to (18, 12) 
Avatar 1 moved from (19, 18) to (19, 17) 
Avatar 0 moved from (18, 12) to (17, 12) 
Avatar 1 moved from (19, 17) to (19, 16) 
Avatar 0 moved from (17, 12) to (17, 13) 
Avatar 0 moved from (17, 13) to (16, 13) 
Avatar 1 moved from (19, 16) to (18, 16) 
Avatar 1 moved from (18, 16) to (18, 15) 
Avatar 0 moved from (16, 13) to (16, 14) 
Avatar 1 moved from (18, 15) to (18, 14) 
Maze Solved!!! 
Maze Solved!!! 
